<?xml version="1.0" encoding="UTF-8"?>
<testsuite xmlns:xsi="http://www.w3.org/2001/XMLSchema-instance" xsi:noNamespaceSchemaLocation="https://maven.apache.org/surefire/maven-surefire-plugin/xsd/surefire-test-report.xsd" version="3.0.2" name="TestSuite" time="712.649" tests="20" errors="0" skipped="5" failures="3">
  <properties>
    <property name="java.specification.version" value="17"/>
    <property name="sun.cpu.isalist" value="amd64"/>
    <property name="sun.jnu.encoding" value="Cp1252"/>
    <property name="java.class.path" value="C:\Users\ajitc\eclipse-workspace\Maven_Programs2\target\test-classes;C:\Users\ajitc\eclipse-workspace\Maven_Programs2\target\classes;C:\Users\ajitc\.m2\repository\org\testng\testng\7.11.0\testng-7.11.0.jar;C:\Users\ajitc\.m2\repository\org\slf4j\slf4j-api\2.0.16\slf4j-api-2.0.16.jar;C:\Users\ajitc\.m2\repository\org\jcommander\jcommander\1.83\jcommander-1.83.jar;C:\Users\ajitc\.m2\repository\org\webjars\jquery\3.7.1\jquery-3.7.1.jar;C:\Users\ajitc\.m2\repository\org\seleniumhq\selenium\selenium-java\4.32.0\selenium-java-4.32.0.jar;C:\Users\ajitc\.m2\repository\org\seleniumhq\selenium\selenium-api\4.32.0\selenium-api-4.32.0.jar;C:\Users\ajitc\.m2\repository\org\jspecify\jspecify\1.0.0\jspecify-1.0.0.jar;C:\Users\ajitc\.m2\repository\org\seleniumhq\selenium\selenium-chrome-driver\4.32.0\selenium-chrome-driver-4.32.0.jar;C:\Users\ajitc\.m2\repository\com\google\auto\service\auto-service-annotations\1.1.1\auto-service-annotations-1.1.1.jar;C:\Users\ajitc\.m2\repository\org\seleniumhq\selenium\selenium-chromium-driver\4.32.0\selenium-chromium-driver-4.32.0.jar;C:\Users\ajitc\.m2\repository\org\seleniumhq\selenium\selenium-json\4.32.0\selenium-json-4.32.0.jar;C:\Users\ajitc\.m2\repository\org\seleniumhq\selenium\selenium-manager\4.32.0\selenium-manager-4.32.0.jar;C:\Users\ajitc\.m2\repository\org\seleniumhq\selenium\selenium-devtools-v134\4.32.0\selenium-devtools-v134-4.32.0.jar;C:\Users\ajitc\.m2\repository\org\seleniumhq\selenium\selenium-devtools-v135\4.32.0\selenium-devtools-v135-4.32.0.jar;C:\Users\ajitc\.m2\repository\org\seleniumhq\selenium\selenium-devtools-v136\4.32.0\selenium-devtools-v136-4.32.0.jar;C:\Users\ajitc\.m2\repository\org\seleniumhq\selenium\selenium-edge-driver\4.32.0\selenium-edge-driver-4.32.0.jar;C:\Users\ajitc\.m2\repository\org\seleniumhq\selenium\selenium-firefox-driver\4.32.0\selenium-firefox-driver-4.32.0.jar;C:\Users\ajitc\.m2\repository\org\seleniumhq\selenium\selenium-http\4.32.0\selenium-http-4.32.0.jar;C:\Users\ajitc\.m2\repository\org\seleniumhq\selenium\selenium-ie-driver\4.32.0\selenium-ie-driver-4.32.0.jar;C:\Users\ajitc\.m2\repository\org\seleniumhq\selenium\selenium-remote-driver\4.32.0\selenium-remote-driver-4.32.0.jar;C:\Users\ajitc\.m2\repository\com\google\guava\guava\33.4.8-jre\guava-33.4.8-jre.jar;C:\Users\ajitc\.m2\repository\com\google\guava\failureaccess\1.0.3\failureaccess-1.0.3.jar;C:\Users\ajitc\.m2\repository\com\google\guava\listenablefuture\9999.0-empty-to-avoid-conflict-with-guava\listenablefuture-9999.0-empty-to-avoid-conflict-with-guava.jar;C:\Users\ajitc\.m2\repository\com\google\errorprone\error_prone_annotations\2.36.0\error_prone_annotations-2.36.0.jar;C:\Users\ajitc\.m2\repository\com\google\j2objc\j2objc-annotations\3.0.0\j2objc-annotations-3.0.0.jar;C:\Users\ajitc\.m2\repository\io\opentelemetry\opentelemetry-api\1.49.0\opentelemetry-api-1.49.0.jar;C:\Users\ajitc\.m2\repository\io\opentelemetry\opentelemetry-context\1.49.0\opentelemetry-context-1.49.0.jar;C:\Users\ajitc\.m2\repository\io\opentelemetry\opentelemetry-exporter-logging\1.49.0\opentelemetry-exporter-logging-1.49.0.jar;C:\Users\ajitc\.m2\repository\io\opentelemetry\opentelemetry-sdk-common\1.49.0\opentelemetry-sdk-common-1.49.0.jar;C:\Users\ajitc\.m2\repository\io\opentelemetry\opentelemetry-sdk-extension-autoconfigure-spi\1.49.0\opentelemetry-sdk-extension-autoconfigure-spi-1.49.0.jar;C:\Users\ajitc\.m2\repository\io\opentelemetry\opentelemetry-sdk-extension-autoconfigure\1.49.0\opentelemetry-sdk-extension-autoconfigure-1.49.0.jar;C:\Users\ajitc\.m2\repository\io\opentelemetry\opentelemetry-sdk-trace\1.49.0\opentelemetry-sdk-trace-1.49.0.jar;C:\Users\ajitc\.m2\repository\io\opentelemetry\opentelemetry-sdk\1.49.0\opentelemetry-sdk-1.49.0.jar;C:\Users\ajitc\.m2\repository\io\opentelemetry\opentelemetry-sdk-metrics\1.49.0\opentelemetry-sdk-metrics-1.49.0.jar;C:\Users\ajitc\.m2\repository\io\opentelemetry\opentelemetry-sdk-logs\1.49.0\opentelemetry-sdk-logs-1.49.0.jar;C:\Users\ajitc\.m2\repository\net\bytebuddy\byte-buddy\1.17.5\byte-buddy-1.17.5.jar;C:\Users\ajitc\.m2\repository\org\seleniumhq\selenium\selenium-os\4.32.0\selenium-os-4.32.0.jar;C:\Users\ajitc\.m2\repository\org\apache\commons\commons-exec\1.4.0\commons-exec-1.4.0.jar;C:\Users\ajitc\.m2\repository\org\seleniumhq\selenium\selenium-safari-driver\4.32.0\selenium-safari-driver-4.32.0.jar;C:\Users\ajitc\.m2\repository\org\seleniumhq\selenium\selenium-support\4.32.0\selenium-support-4.32.0.jar;C:\Users\ajitc\.m2\repository\org\apache\poi\poi\5.4.1\poi-5.4.1.jar;C:\Users\ajitc\.m2\repository\commons-codec\commons-codec\1.18.0\commons-codec-1.18.0.jar;C:\Users\ajitc\.m2\repository\org\apache\commons\commons-collections4\4.4\commons-collections4-4.4.jar;C:\Users\ajitc\.m2\repository\org\apache\commons\commons-math3\3.6.1\commons-math3-3.6.1.jar;C:\Users\ajitc\.m2\repository\commons-io\commons-io\2.18.0\commons-io-2.18.0.jar;C:\Users\ajitc\.m2\repository\com\zaxxer\SparseBitSet\1.3\SparseBitSet-1.3.jar;C:\Users\ajitc\.m2\repository\org\apache\logging\log4j\log4j-api\2.24.3\log4j-api-2.24.3.jar;C:\Users\ajitc\.m2\repository\org\apache\poi\poi-ooxml\5.4.1\poi-ooxml-5.4.1.jar;C:\Users\ajitc\.m2\repository\org\apache\poi\poi-ooxml-lite\5.4.1\poi-ooxml-lite-5.4.1.jar;C:\Users\ajitc\.m2\repository\org\apache\xmlbeans\xmlbeans\5.3.0\xmlbeans-5.3.0.jar;C:\Users\ajitc\.m2\repository\org\apache\commons\commons-compress\1.27.1\commons-compress-1.27.1.jar;C:\Users\ajitc\.m2\repository\org\apache\commons\commons-lang3\3.16.0\commons-lang3-3.16.0.jar;C:\Users\ajitc\.m2\repository\com\github\virtuald\curvesapi\1.08\curvesapi-1.08.jar;"/>
    <property name="java.vm.vendor" value="Eclipse Adoptium"/>
    <property name="sun.arch.data.model" value="64"/>
    <property name="user.variant" value=""/>
    <property name="java.vendor.url" value="https://adoptium.net/"/>
    <property name="user.timezone" value="Asia/Calcutta"/>
    <property name="os.name" value="Windows 11"/>
    <property name="java.vm.specification.version" value="17"/>
    <property name="sun.java.launcher" value="SUN_STANDARD"/>
    <property name="user.country" value="IN"/>
    <property name="sun.boot.library.path" value="C:\Users\ajitc\.p2\pool\plugins\org.eclipse.justj.openjdk.hotspot.jre.full.win32.x86_64_17.0.11.v20240426-1830\jre\bin"/>
    <property name="sun.java.command" value="C:\Users\ajitc\AppData\Local\Temp\surefire1289658712339487387\surefirebooter-20250611000807602_3.jar C:\Users\ajitc\AppData\Local\Temp\surefire1289658712339487387 2025-06-11T00-08-07_216-jvmRun1 surefire-20250611000807602_1tmp surefire_0-20250611000807602_2tmp"/>
    <property name="jdk.debug" value="release"/>
    <property name="surefire.test.class.path" value="C:\Users\ajitc\eclipse-workspace\Maven_Programs2\target\test-classes;C:\Users\ajitc\eclipse-workspace\Maven_Programs2\target\classes;C:\Users\ajitc\.m2\repository\org\testng\testng\7.11.0\testng-7.11.0.jar;C:\Users\ajitc\.m2\repository\org\slf4j\slf4j-api\2.0.16\slf4j-api-2.0.16.jar;C:\Users\ajitc\.m2\repository\org\jcommander\jcommander\1.83\jcommander-1.83.jar;C:\Users\ajitc\.m2\repository\org\webjars\jquery\3.7.1\jquery-3.7.1.jar;C:\Users\ajitc\.m2\repository\org\seleniumhq\selenium\selenium-java\4.32.0\selenium-java-4.32.0.jar;C:\Users\ajitc\.m2\repository\org\seleniumhq\selenium\selenium-api\4.32.0\selenium-api-4.32.0.jar;C:\Users\ajitc\.m2\repository\org\jspecify\jspecify\1.0.0\jspecify-1.0.0.jar;C:\Users\ajitc\.m2\repository\org\seleniumhq\selenium\selenium-chrome-driver\4.32.0\selenium-chrome-driver-4.32.0.jar;C:\Users\ajitc\.m2\repository\com\google\auto\service\auto-service-annotations\1.1.1\auto-service-annotations-1.1.1.jar;C:\Users\ajitc\.m2\repository\org\seleniumhq\selenium\selenium-chromium-driver\4.32.0\selenium-chromium-driver-4.32.0.jar;C:\Users\ajitc\.m2\repository\org\seleniumhq\selenium\selenium-json\4.32.0\selenium-json-4.32.0.jar;C:\Users\ajitc\.m2\repository\org\seleniumhq\selenium\selenium-manager\4.32.0\selenium-manager-4.32.0.jar;C:\Users\ajitc\.m2\repository\org\seleniumhq\selenium\selenium-devtools-v134\4.32.0\selenium-devtools-v134-4.32.0.jar;C:\Users\ajitc\.m2\repository\org\seleniumhq\selenium\selenium-devtools-v135\4.32.0\selenium-devtools-v135-4.32.0.jar;C:\Users\ajitc\.m2\repository\org\seleniumhq\selenium\selenium-devtools-v136\4.32.0\selenium-devtools-v136-4.32.0.jar;C:\Users\ajitc\.m2\repository\org\seleniumhq\selenium\selenium-edge-driver\4.32.0\selenium-edge-driver-4.32.0.jar;C:\Users\ajitc\.m2\repository\org\seleniumhq\selenium\selenium-firefox-driver\4.32.0\selenium-firefox-driver-4.32.0.jar;C:\Users\ajitc\.m2\repository\org\seleniumhq\selenium\selenium-http\4.32.0\selenium-http-4.32.0.jar;C:\Users\ajitc\.m2\repository\org\seleniumhq\selenium\selenium-ie-driver\4.32.0\selenium-ie-driver-4.32.0.jar;C:\Users\ajitc\.m2\repository\org\seleniumhq\selenium\selenium-remote-driver\4.32.0\selenium-remote-driver-4.32.0.jar;C:\Users\ajitc\.m2\repository\com\google\guava\guava\33.4.8-jre\guava-33.4.8-jre.jar;C:\Users\ajitc\.m2\repository\com\google\guava\failureaccess\1.0.3\failureaccess-1.0.3.jar;C:\Users\ajitc\.m2\repository\com\google\guava\listenablefuture\9999.0-empty-to-avoid-conflict-with-guava\listenablefuture-9999.0-empty-to-avoid-conflict-with-guava.jar;C:\Users\ajitc\.m2\repository\com\google\errorprone\error_prone_annotations\2.36.0\error_prone_annotations-2.36.0.jar;C:\Users\ajitc\.m2\repository\com\google\j2objc\j2objc-annotations\3.0.0\j2objc-annotations-3.0.0.jar;C:\Users\ajitc\.m2\repository\io\opentelemetry\opentelemetry-api\1.49.0\opentelemetry-api-1.49.0.jar;C:\Users\ajitc\.m2\repository\io\opentelemetry\opentelemetry-context\1.49.0\opentelemetry-context-1.49.0.jar;C:\Users\ajitc\.m2\repository\io\opentelemetry\opentelemetry-exporter-logging\1.49.0\opentelemetry-exporter-logging-1.49.0.jar;C:\Users\ajitc\.m2\repository\io\opentelemetry\opentelemetry-sdk-common\1.49.0\opentelemetry-sdk-common-1.49.0.jar;C:\Users\ajitc\.m2\repository\io\opentelemetry\opentelemetry-sdk-extension-autoconfigure-spi\1.49.0\opentelemetry-sdk-extension-autoconfigure-spi-1.49.0.jar;C:\Users\ajitc\.m2\repository\io\opentelemetry\opentelemetry-sdk-extension-autoconfigure\1.49.0\opentelemetry-sdk-extension-autoconfigure-1.49.0.jar;C:\Users\ajitc\.m2\repository\io\opentelemetry\opentelemetry-sdk-trace\1.49.0\opentelemetry-sdk-trace-1.49.0.jar;C:\Users\ajitc\.m2\repository\io\opentelemetry\opentelemetry-sdk\1.49.0\opentelemetry-sdk-1.49.0.jar;C:\Users\ajitc\.m2\repository\io\opentelemetry\opentelemetry-sdk-metrics\1.49.0\opentelemetry-sdk-metrics-1.49.0.jar;C:\Users\ajitc\.m2\repository\io\opentelemetry\opentelemetry-sdk-logs\1.49.0\opentelemetry-sdk-logs-1.49.0.jar;C:\Users\ajitc\.m2\repository\net\bytebuddy\byte-buddy\1.17.5\byte-buddy-1.17.5.jar;C:\Users\ajitc\.m2\repository\org\seleniumhq\selenium\selenium-os\4.32.0\selenium-os-4.32.0.jar;C:\Users\ajitc\.m2\repository\org\apache\commons\commons-exec\1.4.0\commons-exec-1.4.0.jar;C:\Users\ajitc\.m2\repository\org\seleniumhq\selenium\selenium-safari-driver\4.32.0\selenium-safari-driver-4.32.0.jar;C:\Users\ajitc\.m2\repository\org\seleniumhq\selenium\selenium-support\4.32.0\selenium-support-4.32.0.jar;C:\Users\ajitc\.m2\repository\org\apache\poi\poi\5.4.1\poi-5.4.1.jar;C:\Users\ajitc\.m2\repository\commons-codec\commons-codec\1.18.0\commons-codec-1.18.0.jar;C:\Users\ajitc\.m2\repository\org\apache\commons\commons-collections4\4.4\commons-collections4-4.4.jar;C:\Users\ajitc\.m2\repository\org\apache\commons\commons-math3\3.6.1\commons-math3-3.6.1.jar;C:\Users\ajitc\.m2\repository\commons-io\commons-io\2.18.0\commons-io-2.18.0.jar;C:\Users\ajitc\.m2\repository\com\zaxxer\SparseBitSet\1.3\SparseBitSet-1.3.jar;C:\Users\ajitc\.m2\repository\org\apache\logging\log4j\log4j-api\2.24.3\log4j-api-2.24.3.jar;C:\Users\ajitc\.m2\repository\org\apache\poi\poi-ooxml\5.4.1\poi-ooxml-5.4.1.jar;C:\Users\ajitc\.m2\repository\org\apache\poi\poi-ooxml-lite\5.4.1\poi-ooxml-lite-5.4.1.jar;C:\Users\ajitc\.m2\repository\org\apache\xmlbeans\xmlbeans\5.3.0\xmlbeans-5.3.0.jar;C:\Users\ajitc\.m2\repository\org\apache\commons\commons-compress\1.27.1\commons-compress-1.27.1.jar;C:\Users\ajitc\.m2\repository\org\apache\commons\commons-lang3\3.16.0\commons-lang3-3.16.0.jar;C:\Users\ajitc\.m2\repository\com\github\virtuald\curvesapi\1.08\curvesapi-1.08.jar;"/>
    <property name="sun.cpu.endian" value="little"/>
    <property name="user.home" value="C:\Users\ajitc"/>
    <property name="user.language" value="en"/>
    <property name="java.specification.vendor" value="Oracle Corporation"/>
    <property name="java.version.date" value="2024-04-16"/>
    <property name="java.home" value="C:\Users\ajitc\.p2\pool\plugins\org.eclipse.justj.openjdk.hotspot.jre.full.win32.x86_64_17.0.11.v20240426-1830\jre"/>
    <property name="file.separator" value="\"/>
    <property name="style.color" value="always"/>
    <property name="basedir" value="C:\Users\ajitc\eclipse-workspace\Maven_Programs2"/>
    <property name="java.vm.compressedOopsMode" value="32-bit"/>
    <property name="line.separator" value="&#10;"/>
    <property name="java.vm.specification.vendor" value="Oracle Corporation"/>
    <property name="java.specification.name" value="Java Platform API Specification"/>
    <property name="surefire.real.class.path" value="C:\Users\ajitc\AppData\Local\Temp\surefire1289658712339487387\surefirebooter-20250611000807602_3.jar"/>
    <property name="user.script" value=""/>
    <property name="sun.management.compiler" value="HotSpot 64-Bit Tiered Compilers"/>
    <property name="java.runtime.version" value="17.0.11+9"/>
    <property name="user.name" value="ajitc"/>
    <property name="path.separator" value=";"/>
    <property name="os.version" value="10.0"/>
    <property name="java.runtime.name" value="OpenJDK Runtime Environment"/>
    <property name="file.encoding" value="Cp1252"/>
    <property name="java.vm.name" value="OpenJDK 64-Bit Server VM"/>
    <property name="java.vendor.version" value="Temurin-17.0.11+9"/>
    <property name="localRepository" value="C:\Users\ajitc\.m2\repository"/>
    <property name="java.vendor.url.bug" value="https://github.com/adoptium/adoptium-support/issues"/>
    <property name="java.io.tmpdir" value="C:\Users\ajitc\AppData\Local\Temp\"/>
    <property name="java.version" value="17.0.11"/>
    <property name="user.dir" value="C:\Users\ajitc\eclipse-workspace\Maven_Programs2"/>
    <property name="os.arch" value="amd64"/>
    <property name="java.vm.specification.name" value="Java Virtual Machine Specification"/>
    <property name="sun.os.patch.level" value=""/>
    <property name="native.encoding" value="Cp1252"/>
    <property name="java.library.path" value="C:\Users\ajitc\.p2\pool\plugins\org.eclipse.justj.openjdk.hotspot.jre.full.win32.x86_64_17.0.11.v20240426-1830\jre\bin;C:\WINDOWS\Sun\Java\bin;C:\WINDOWS\system32;C:\WINDOWS;C:/Users/ajitc/.p2/pool/plugins/org.eclipse.justj.openjdk.hotspot.jre.full.win32.x86_64_17.0.11.v20240426-1830/jre/bin/server;C:/Users/ajitc/.p2/pool/plugins/org.eclipse.justj.openjdk.hotspot.jre.full.win32.x86_64_17.0.11.v20240426-1830/jre/bin;C:\Program Files\Common Files\Oracle\Java\javapath;C:\Users\ajitc\Downloads\WINDOWS.X64_193000_db_home\bin;C:\WINDOWS\system32;C:\WINDOWS;C:\WINDOWS\System32\Wbem;C:\WINDOWS\System32\WindowsPowerShell\v1.0\;C:\WINDOWS\System32\OpenSSH\;C:\Program Files\dotnet\;C:\Program Files (x86)\Microsoft SQL Server\160\Tools\Binn\;C:\Program Files\Microsoft SQL Server\160\Tools\Binn\;C:\Program Files\Microsoft SQL Server\Client SDK\ODBC\170\Tools\Binn\;C:\Program Files\Microsoft SQL Server\160\DTS\Binn\;C:\Program Files\Azure Data Studio\bin;C:\Program Files (x86)\Microsoft SQL Server\160\DTS\Binn\;C:\Program Files\Git\cmd;C:\Users\ajitc\AppData\Local\Microsoft\WindowsApps;;C:\Program Files\Azure Data Studio\bin;C:\Users\ajitc\eclipse\java-2024-03\eclipse;;."/>
    <property name="java.vm.info" value="mixed mode"/>
    <property name="java.vendor" value="Eclipse Adoptium"/>
    <property name="java.vm.version" value="17.0.11+9"/>
    <property name="sun.io.unicode.encoding" value="UnicodeLittle"/>
    <property name="java.class.version" value="61.0"/>
  </properties>
  <testcase name="SearchProductTC5_Amazon" classname="project1_Amazon.TC5_SearchProduct" time="11.423">
    <system-out><![CDATA[
Title is-> Online Shopping site in India: Shop Online for Mobiles, Books, Watches, Shoes and More - Amazon.in
2025-06-10T18:38:18.970796Z main ERROR Log4j API could not find a logging provider.
Sign in or create account
Sign in or create account
Hello, AjitRupa
]]></system-out>
    <system-err><![CDATA[SLF4J(W): No SLF4J providers were found.
SLF4J(W): Defaulting to no-operation (NOP) logger implementation
SLF4J(W): See https://www.slf4j.org/codes.html#noProviders for further details.
Jun 11, 2025 12:08:14 AM org.openqa.selenium.devtools.CdpVersionFinder findNearestMatch
WARNING: Unable to find an exact match for CDP version 137, returning the closest version; found: 136; Please update to a Selenium version that supports CDP version 137
]]></system-err>
  </testcase>
  <testcase name="ReachTillTC15_Cart_WithoutLoginAmazon" classname="project1_Amazon.Z_TC15_WithOut_Login_Cart" time="12.357">
    <system-out><![CDATA[Epoch Time-> 1749580690538
Wed Jun 11 00:08:10 IST 2025
11-Jun-2025_00-08-10
Screenshot is Saved-> On Pass


Title is-> Online Shopping site in India: Shop Online for Mobiles, Books, Watches, Shoes and More - Amazon.in
Added to cart
Child W Title-> Amazon.in Shopping Cart
The Url is-> https://www.amazon.in/cart/smart-wagon?newItems=2563bb9d-9faa-451e-9452-9ba3b2f7f2af,1&ref_=sw_refresh
]]></system-out>
    <system-err><![CDATA[Jun 11, 2025 12:08:33 AM org.openqa.selenium.devtools.CdpVersionFinder findNearestMatch
WARNING: Unable to find an exact match for CDP version 137, returning the closest version; found: 136; Please update to a Selenium version that supports CDP version 137
]]></system-err>
  </testcase>
  <testcase name="SelectTC16_CardPaymentAmazon" classname="project1_Amazon.Z_TC16_SelectCard_PaymentMthd" time="0.0">
    <skipped message="Cannot invoke &quot;org.openqa.selenium.WebDriver.getClass()&quot; because &quot;exceptionDriver&quot; is null"/>
    <system-out><![CDATA[Epoch Time-> 1749580690538
Wed Jun 11 00:08:10 IST 2025
11-Jun-2025_00-08-10
Screenshot is Saved-> On Pass


Title is-> Online Shopping site in India: Shop Online for Mobiles, Books, Watches, Shoes and More - Amazon.in
Sign in or create account
Sign in or create account
Hello, AjitRupa
Child W Title-> Place Your Order - Amazon Checkout
The Url is-> https://www.amazon.in/checkout/p/p-404-0155074-8666719/address?pipelineType=Chewbacca&isBuyNow=1&referrer=address
Retrying Test-> SelectTC16_CardPaymentAmazonfor1 time(s).
]]></system-out>
    <system-err><![CDATA[Jun 11, 2025 12:08:52 AM org.openqa.selenium.devtools.CdpVersionFinder findNearestMatch
WARNING: Unable to find an exact match for CDP version 137, returning the closest version; found: 136; Please update to a Selenium version that supports CDP version 137
]]></system-err>
  </testcase>
  <testcase name="SelectTC16_CardPaymentAmazon" classname="project1_Amazon.Z_TC16_SelectCard_PaymentMthd" time="29.532">
    <failure message="Cannot invoke &quot;org.openqa.selenium.WebDriver.getClass()&quot; because &quot;exceptionDriver&quot; is null" type="java.lang.NullPointerException"><![CDATA[java.lang.NullPointerException: Cannot invoke "org.openqa.selenium.WebDriver.getClass()" because "exceptionDriver" is null
	at org.openqa.selenium.support.ui.WebDriverWait.timeoutException(WebDriverWait.java:85)
	at org.openqa.selenium.support.ui.FluentWait.until(FluentWait.java:228)
	at project1_Amazon_Src.Amazon_CardPayPage.AllPaymentMethods(Amazon_CardPayPage.java:94)
	at project1_Amazon.Z_TC16_SelectCard_PaymentMthd.SelectTC16_CardPaymentAmazon(Z_TC16_SelectCard_PaymentMthd.java:44)
	at java.base/jdk.internal.reflect.NativeMethodAccessorImpl.invoke0(Native Method)
	at java.base/jdk.internal.reflect.NativeMethodAccessorImpl.invoke(NativeMethodAccessorImpl.java:77)
	at java.base/jdk.internal.reflect.DelegatingMethodAccessorImpl.invoke(DelegatingMethodAccessorImpl.java:43)
	at java.base/java.lang.reflect.Method.invoke(Method.java:568)
	at org.testng.internal.invokers.MethodInvocationHelper.invokeMethod(MethodInvocationHelper.java:141)
	at org.testng.internal.invokers.TestInvoker.invokeMethod(TestInvoker.java:687)
	at org.testng.internal.invokers.TestInvoker.retryFailed(TestInvoker.java:269)
	at org.testng.internal.invokers.MethodRunner.runInSequence(MethodRunner.java:76)
	at org.testng.internal.invokers.TestInvoker$MethodInvocationAgent.invoke(TestInvoker.java:995)
	at org.testng.internal.invokers.TestInvoker.invokeTestMethods(TestInvoker.java:203)
	at org.testng.internal.invokers.TestMethodWorker.invokeTestMethods(TestMethodWorker.java:154)
	at org.testng.internal.invokers.TestMethodWorker.run(TestMethodWorker.java:134)
	at java.base/java.util.ArrayList.forEach(ArrayList.java:1511)
	at org.testng.TestRunner.privateRun(TestRunner.java:741)
	at org.testng.TestRunner.run(TestRunner.java:616)
	at org.testng.SuiteRunner.runTest(SuiteRunner.java:421)
	at org.testng.SuiteRunner.runSequentially(SuiteRunner.java:413)
	at org.testng.SuiteRunner.privateRun(SuiteRunner.java:373)
	at org.testng.SuiteRunner.run(SuiteRunner.java:312)
	at org.testng.SuiteRunnerWorker.runSuite(SuiteRunnerWorker.java:52)
	at org.testng.SuiteRunnerWorker.run(SuiteRunnerWorker.java:95)
	at org.testng.TestNG.runSuitesSequentially(TestNG.java:1274)
	at org.testng.TestNG.runSuitesLocally(TestNG.java:1208)
	at org.testng.TestNG.runSuites(TestNG.java:1112)
	at org.testng.TestNG.run(TestNG.java:1079)
	at org.apache.maven.surefire.testng.TestNGExecutor.run(TestNGExecutor.java:308)
	at org.apache.maven.surefire.testng.TestNGXmlTestSuite.execute(TestNGXmlTestSuite.java:71)
	at org.apache.maven.surefire.testng.TestNGProvider.invoke(TestNGProvider.java:113)
	at org.apache.maven.surefire.booter.ForkedBooter.runSuitesInProcess(ForkedBooter.java:385)
	at org.apache.maven.surefire.booter.ForkedBooter.execute(ForkedBooter.java:162)
	at org.apache.maven.surefire.booter.ForkedBooter.run(ForkedBooter.java:507)
	at org.apache.maven.surefire.booter.ForkedBooter.main(ForkedBooter.java:495)
]]></failure>
    <system-out><![CDATA[

Title is-> Online Shopping site in India: Shop Online for Mobiles, Books, Watches, Shoes and More - Amazon.in
Sign in or create account
Sign in or create account
Hello, AjitRupa
Child W Title-> Place Your Order - Amazon Checkout
The Url is-> https://www.amazon.in/checkout/p/p-404-3804982-5462739/address?pipelineType=Chewbacca&isBuyNow=1&referrer=address
]]></system-out>
    <system-err><![CDATA[Jun 11, 2025 12:09:26 AM org.openqa.selenium.devtools.CdpVersionFinder findNearestMatch
WARNING: Unable to find an exact match for CDP version 137, returning the closest version; found: 136; Please update to a Selenium version that supports CDP version 137
]]></system-err>
  </testcase>
  <testcase name="SearchProductTC6_FilterAmazon" classname="project1_Amazon.TC6_SearchingByFilters" time="21.216">
    <system-out><![CDATA[Epoch Time-> 1749580690538
Wed Jun 11 00:08:10 IST 2025
11-Jun-2025_00-08-10
Screenshot is Saved-> On Fail


Title is-> Online Shopping site in India: Shop Online for Mobiles, Books, Watches, Shoes and More - Amazon.in
Sign in or create account
Sign in or create account
Hello, AjitRupa
Amazon.in: Shoe - 256097 / ₹2,100 - ₹3,000 / 8: Shoes & Handbags
price --->₹2,100 - ₹3,000
]]></system-out>
    <system-err><![CDATA[Jun 11, 2025 12:10:03 AM org.openqa.selenium.devtools.CdpVersionFinder findNearestMatch
WARNING: Unable to find an exact match for CDP version 137, returning the closest version; found: 136; Please update to a Selenium version that supports CDP version 137
]]></system-err>
  </testcase>
  <testcase name="LoginFailTC3_ToAmazon" classname="project1_Amazon.TC3_Fail_Login" time="5.706">
    <system-out><![CDATA[Epoch Time-> 1749580690538
Wed Jun 11 00:08:10 IST 2025
11-Jun-2025_00-08-10
Screenshot is Saved-> On Pass


Title is-> Online Shopping site in India: Shop Online for Mobiles, Books, Watches, Shoes and More - Amazon.in
Sign in or create account
Sign in or create account
Your password is incorrect
]]></system-out>
    <system-err><![CDATA[Jun 11, 2025 12:10:32 AM org.openqa.selenium.devtools.CdpVersionFinder findNearestMatch
WARNING: Unable to find an exact match for CDP version 137, returning the closest version; found: 136; Please update to a Selenium version that supports CDP version 137
]]></system-err>
  </testcase>
  <testcase name="LoginTC2_ToAmazon" classname="project1_Amazon.TC2_Login" time="12.347">
    <system-out><![CDATA[Epoch Time-> 1749580690538
Wed Jun 11 00:08:10 IST 2025
11-Jun-2025_00-08-10
Screenshot is Saved-> On Pass


Title is-> Online Shopping site in India: Shop Online for Mobiles, Books, Watches, Shoes and More - Amazon.in
Sign in or create account
Sign in or create account
Hello, AjitRupa
Sign in or create account
]]></system-out>
    <system-err><![CDATA[Jun 11, 2025 12:10:45 AM org.openqa.selenium.devtools.CdpVersionFinder findNearestMatch
WARNING: Unable to find an exact match for CDP version 137, returning the closest version; found: 136; Please update to a Selenium version that supports CDP version 137
]]></system-err>
  </testcase>
  <testcase name="ProductTC9_AddToCartAmazon" classname="project1_Amazon.TC9_AddToCart" time="25.201">
    <system-out><![CDATA[Epoch Time-> 1749580690538
Wed Jun 11 00:08:10 IST 2025
11-Jun-2025_00-08-10
Screenshot is Saved-> On Pass


Title is-> Online Shopping site in India: Shop Online for Mobiles, Books, Watches, Shoes and More - Amazon.in
Sign in or create account
Sign in or create account
Hello, AjitRupa

Added to cart
]]></system-out>
    <system-err><![CDATA[Jun 11, 2025 12:11:04 AM org.openqa.selenium.devtools.CdpVersionFinder findNearestMatch
WARNING: Unable to find an exact match for CDP version 137, returning the closest version; found: 136; Please update to a Selenium version that supports CDP version 137
]]></system-err>
  </testcase>
  <testcase name="BuyProductTC11_Checkout_PaymentAmazon" classname="project1_Amazon.V_TC11_BuyCheckout_PaymentReview" time="0.0">
    <skipped message="Cannot invoke &quot;org.openqa.selenium.WebDriver.getClass()&quot; because &quot;exceptionDriver&quot; is null"/>
    <system-out><![CDATA[Epoch Time-> 1749580690538
Wed Jun 11 00:08:10 IST 2025
11-Jun-2025_00-08-10
Screenshot is Saved-> On Pass


Title is-> Online Shopping site in India: Shop Online for Mobiles, Books, Watches, Shoes and More - Amazon.in
Sign in or create account
Sign in or create account
Hello, AjitRupa
Child W Title-> Place Your Order - Amazon Checkout
The Url is-> https://www.amazon.in/checkout/p/p-404-2924614-6292336/address?pipelineType=Chewbacca&isBuyNow=1&referrer=address
Ajit Choudhary

Retrying Test-> BuyProductTC11_Checkout_PaymentAmazonfor1 time(s).
]]></system-out>
    <system-err><![CDATA[Jun 11, 2025 12:11:40 AM org.openqa.selenium.devtools.CdpVersionFinder findNearestMatch
WARNING: Unable to find an exact match for CDP version 137, returning the closest version; found: 136; Please update to a Selenium version that supports CDP version 137
]]></system-err>
  </testcase>
  <testcase name="BuyProductTC11_Checkout_PaymentAmazon" classname="project1_Amazon.V_TC11_BuyCheckout_PaymentReview" time="29.521">
    <failure message="Cannot invoke &quot;org.openqa.selenium.WebDriver.getClass()&quot; because &quot;exceptionDriver&quot; is null" type="java.lang.NullPointerException"><![CDATA[java.lang.NullPointerException: Cannot invoke "org.openqa.selenium.WebDriver.getClass()" because "exceptionDriver" is null
	at org.openqa.selenium.support.ui.WebDriverWait.timeoutException(WebDriverWait.java:85)
	at org.openqa.selenium.support.ui.FluentWait.until(FluentWait.java:228)
	at project1_Amazon_Src.Amazon_BuyCheckOutPage.CheckOut(Amazon_BuyCheckOutPage.java:128)
	at project1_Amazon.V_TC11_BuyCheckout_PaymentReview.BuyProductTC11_Checkout_PaymentAmazon(V_TC11_BuyCheckout_PaymentReview.java:44)
	at java.base/jdk.internal.reflect.NativeMethodAccessorImpl.invoke0(Native Method)
	at java.base/jdk.internal.reflect.NativeMethodAccessorImpl.invoke(NativeMethodAccessorImpl.java:77)
	at java.base/jdk.internal.reflect.DelegatingMethodAccessorImpl.invoke(DelegatingMethodAccessorImpl.java:43)
	at java.base/java.lang.reflect.Method.invoke(Method.java:568)
	at org.testng.internal.invokers.MethodInvocationHelper.invokeMethod(MethodInvocationHelper.java:141)
	at org.testng.internal.invokers.TestInvoker.invokeMethod(TestInvoker.java:687)
	at org.testng.internal.invokers.TestInvoker.retryFailed(TestInvoker.java:269)
	at org.testng.internal.invokers.MethodRunner.runInSequence(MethodRunner.java:76)
	at org.testng.internal.invokers.TestInvoker$MethodInvocationAgent.invoke(TestInvoker.java:995)
	at org.testng.internal.invokers.TestInvoker.invokeTestMethods(TestInvoker.java:203)
	at org.testng.internal.invokers.TestMethodWorker.invokeTestMethods(TestMethodWorker.java:154)
	at org.testng.internal.invokers.TestMethodWorker.run(TestMethodWorker.java:134)
	at java.base/java.util.ArrayList.forEach(ArrayList.java:1511)
	at org.testng.TestRunner.privateRun(TestRunner.java:741)
	at org.testng.TestRunner.run(TestRunner.java:616)
	at org.testng.SuiteRunner.runTest(SuiteRunner.java:421)
	at org.testng.SuiteRunner.runSequentially(SuiteRunner.java:413)
	at org.testng.SuiteRunner.privateRun(SuiteRunner.java:373)
	at org.testng.SuiteRunner.run(SuiteRunner.java:312)
	at org.testng.SuiteRunnerWorker.runSuite(SuiteRunnerWorker.java:52)
	at org.testng.SuiteRunnerWorker.run(SuiteRunnerWorker.java:95)
	at org.testng.TestNG.runSuitesSequentially(TestNG.java:1274)
	at org.testng.TestNG.runSuitesLocally(TestNG.java:1208)
	at org.testng.TestNG.runSuites(TestNG.java:1112)
	at org.testng.TestNG.run(TestNG.java:1079)
	at org.apache.maven.surefire.testng.TestNGExecutor.run(TestNGExecutor.java:308)
	at org.apache.maven.surefire.testng.TestNGXmlTestSuite.execute(TestNGXmlTestSuite.java:71)
	at org.apache.maven.surefire.testng.TestNGProvider.invoke(TestNGProvider.java:113)
	at org.apache.maven.surefire.booter.ForkedBooter.runSuitesInProcess(ForkedBooter.java:385)
	at org.apache.maven.surefire.booter.ForkedBooter.execute(ForkedBooter.java:162)
	at org.apache.maven.surefire.booter.ForkedBooter.run(ForkedBooter.java:507)
	at org.apache.maven.surefire.booter.ForkedBooter.main(ForkedBooter.java:495)
]]></failure>
    <system-out><![CDATA[

Title is-> Online Shopping site in India: Shop Online for Mobiles, Books, Watches, Shoes and More - Amazon.in
Sign in or create account
Sign in or create account
Hello, AjitRupa
Child W Title-> Place Your Order - Amazon Checkout
The Url is-> https://www.amazon.in/checkout/p/p-404-9540436-7954742/address?pipelineType=Chewbacca&isBuyNow=1&referrer=address
Ajit Choudhary

]]></system-out>
    <system-err><![CDATA[Jun 11, 2025 12:12:34 AM org.openqa.selenium.devtools.CdpVersionFinder findNearestMatch
WARNING: Unable to find an exact match for CDP version 137, returning the closest version; found: 136; Please update to a Selenium version that supports CDP version 137
]]></system-err>
  </testcase>
  <testcase name="EditProfileTC4_Amazon" classname="project1_Amazon.TC4_EditProfile" time="17.271">
    <system-out><![CDATA[Epoch Time-> 1749580690538
Wed Jun 11 00:08:10 IST 2025
11-Jun-2025_00-08-10
Screenshot is Saved-> On Fail


Title is-> Online Shopping site in India: Shop Online for Mobiles, Books, Watches, Shoes and More - Amazon.in
Sign in or create account
Sign in or create account
Hello, AjitRupa
Name updated.
]]></system-out>
    <system-err><![CDATA[Jun 11, 2025 12:13:11 AM org.openqa.selenium.devtools.CdpVersionFinder findNearestMatch
WARNING: Unable to find an exact match for CDP version 137, returning the closest version; found: 136; Please update to a Selenium version that supports CDP version 137
]]></system-err>
  </testcase>
  <testcase name="SelectTC12_AllPaymentAmazon" classname="project1_Amazon.W_TC12_SelectEach_PaymentMthd" time="0.0">
    <skipped message="element click intercepted: Element &lt;input id=&quot;pp-ONXIou-139&quot; type=&quot;radio&quot; name=&quot;ppw-instrumentRowSelection&quot; value=&quot;instrumentId=EMI&amp;amp;isExpired=false&amp;amp;paymentMethod=CC&amp;amp;tfxEligible=false&quot; disabled=&quot;&quot;&gt; is not clickable at point (91, 655). Other element would receive the click: &lt;span role=&quot;radio&quot;&gt;...&lt;/span&gt;&#10;  (Session info: MicrosoftEdge=137.0.3296.68)&#10;Build info: version: &apos;4.32.0&apos;, revision: &apos;d17c8aa950&apos;&#10;System info: os.name: &apos;Windows 11&apos;, os.arch: &apos;amd64&apos;, os.version: &apos;10.0&apos;, java.version: &apos;17.0.11&apos;&#10;Driver info: org.openqa.selenium.edge.EdgeDriver&#10;Command: [945a0bf5eecbe5365f7ca233750cdd44, clickElement {id=f.252D609A50613FDE2162D18979E29B50.d.344852A5517CA132666477EC75131BF0.e.291}]&#10;Capabilities {acceptInsecureCerts: false, browserName: MicrosoftEdge, browserVersion: 137.0.3296.68, fedcm:accounts: true, ms:edgeOptions: {debuggerAddress: localhost:61638}, msedge: {msedgedriverVersion: 137.0.3296.68 (f3affdcf267b..., userDataDir: C:\Users\ajitc\AppData\Loca...}, networkConnectionEnabled: false, pageLoadStrategy: normal, platformName: windows, proxy: Proxy(), se:cdp: ws://localhost:61638/devtoo..., se:cdpVersion: 137.0.3296.68, setWindowRect: true, strictFileInteractability: false, timeouts: {implicit: 0, pageLoad: 300000, script: 30000}, unhandledPromptBehavior: dismiss and notify, webauthn:extension:credBlob: true, webauthn:extension:largeBlob: true, webauthn:extension:minPinLength: true, webauthn:extension:prf: true, webauthn:virtualAuthenticators: true}&#10;Element: [[EdgeDriver: MicrosoftEdge on windows (945a0bf5eecbe5365f7ca233750cdd44)] -&gt; xpath: (//input[@name=&apos;ppw-instrumentRowSelection&apos;])[5]]&#10;Session ID: 945a0bf5eecbe5365f7ca233750cdd44"/>
    <system-out><![CDATA[Epoch Time-> 1749580690538
Wed Jun 11 00:08:10 IST 2025
11-Jun-2025_00-08-10
Screenshot is Saved-> On Pass


Title is-> Online Shopping site in India: Shop Online for Mobiles, Books, Watches, Shoes and More - Amazon.in
Sign in or create account
Sign in or create account
Hello, AjitRupa
Child W Title-> Place Your Order - Amazon Checkout
The Url is-> https://www.amazon.in/checkout/p/p-404-1678597-6702719/address?pipelineType=Chewbacca&isBuyNow=1&referrer=address
Ajit Choudhary
Review items and shipping
Retrying Test-> SelectTC12_AllPaymentAmazonfor1 time(s).
]]></system-out>
    <system-err><![CDATA[Jun 11, 2025 12:13:36 AM org.openqa.selenium.devtools.CdpVersionFinder findNearestMatch
WARNING: Unable to find an exact match for CDP version 137, returning the closest version; found: 136; Please update to a Selenium version that supports CDP version 137
]]></system-err>
  </testcase>
  <testcase name="SelectTC12_AllPaymentAmazon" classname="project1_Amazon.W_TC12_SelectEach_PaymentMthd" time="33.215">
    <system-out><![CDATA[

Title is-> Online Shopping site in India: Shop Online for Mobiles, Books, Watches, Shoes and More - Amazon.in
Sign in or create account
Sign in or create account
Hello, AjitRupa
Child W Title-> Place Your Order - Amazon Checkout
The Url is-> https://www.amazon.in/checkout/p/p-404-0004490-5105945/address?pipelineType=Chewbacca&isBuyNow=1&referrer=address
Ajit Choudhary
Review items and shipping
]]></system-out>
    <system-err><![CDATA[Jun 11, 2025 12:14:19 AM org.openqa.selenium.devtools.CdpVersionFinder findNearestMatch
WARNING: Unable to find an exact match for CDP version 137, returning the closest version; found: 136; Please update to a Selenium version that supports CDP version 137
]]></system-err>
  </testcase>
  <testcase name="ProductDetailsTC7_DisplayAmazon" classname="project1_Amazon.TC7_Product_details_Display" time="20.344">
    <system-out><![CDATA[Epoch Time-> 1749580690538
Wed Jun 11 00:08:10 IST 2025
11-Jun-2025_00-08-10
Screenshot is Saved-> On Pass


Title is-> Online Shopping site in India: Shop Online for Mobiles, Books, Watches, Shoes and More - Amazon.in
Sign in or create account
Sign in or create account
Hello, AjitRupa

Added to cart
]]></system-out>
    <system-err><![CDATA[Jun 11, 2025 12:15:02 AM org.openqa.selenium.devtools.CdpVersionFinder findNearestMatch
WARNING: Unable to find an exact match for CDP version 137, returning the closest version; found: 136; Please update to a Selenium version that supports CDP version 137
]]></system-err>
  </testcase>
  <testcase name="ApplyCouponCodeTC13_OrderingAmazon" classname="project1_Amazon.X_TC13_Apply_CouponCode" time="32.587">
    <system-out><![CDATA[Epoch Time-> 1749580690538
Wed Jun 11 00:08:10 IST 2025
11-Jun-2025_00-08-10
Screenshot is Saved-> On Pass


Title is-> Online Shopping site in India: Shop Online for Mobiles, Books, Watches, Shoes and More - Amazon.in
Sign in or create account
Sign in or create account
Hello, AjitRupa
Child W Title-> Place Your Order - Amazon Checkout
The Url is-> https://www.amazon.in/checkout/p/p-404-5832214-8161140/address?pipelineType=Chewbacca&isBuyNow=1&referrer=address
Ajit Choudhary

]]></system-out>
    <system-err><![CDATA[Jun 11, 2025 12:15:32 AM org.openqa.selenium.devtools.CdpVersionFinder findNearestMatch
WARNING: Unable to find an exact match for CDP version 137, returning the closest version; found: 136; Please update to a Selenium version that supports CDP version 137
]]></system-err>
  </testcase>
  <testcase name="AddProductTC10_RemoveCartAmazon" classname="project1_Amazon.U_TC10_Add_Update_RemoveCart" time="0.0">
    <skipped message="stale element reference: stale element not found in the current frame&#10;  (Session info: MicrosoftEdge=137.0.3296.68)&#10;For documentation on this error, please visit: https://www.selenium.dev/documentation/webdriver/troubleshooting/errors#stale-element-reference-exception&#10;Build info: version: &apos;4.32.0&apos;, revision: &apos;d17c8aa950&apos;&#10;System info: os.name: &apos;Windows 11&apos;, os.arch: &apos;amd64&apos;, os.version: &apos;10.0&apos;, java.version: &apos;17.0.11&apos;&#10;Driver info: org.openqa.selenium.edge.EdgeDriver&#10;Command: [8b9a07879d9b4a3134d752af43f0c653, getElementText {id=f.A579778BA65B552ACA58C53A1CB11BAF.d.A1D1F46F675DBB9C0D797D47C8F5F345.e.300}]&#10;Capabilities {acceptInsecureCerts: false, browserName: MicrosoftEdge, browserVersion: 137.0.3296.68, fedcm:accounts: true, ms:edgeOptions: {debuggerAddress: localhost:63264}, msedge: {msedgedriverVersion: 137.0.3296.68 (f3affdcf267b..., userDataDir: C:\Users\ajitc\AppData\Loca...}, networkConnectionEnabled: false, pageLoadStrategy: normal, platformName: windows, proxy: Proxy(), se:cdp: ws://localhost:63264/devtoo..., se:cdpVersion: 137.0.3296.68, setWindowRect: true, strictFileInteractability: false, timeouts: {implicit: 0, pageLoad: 300000, script: 30000}, unhandledPromptBehavior: dismiss and notify, webauthn:extension:credBlob: true, webauthn:extension:largeBlob: true, webauthn:extension:minPinLength: true, webauthn:extension:prf: true, webauthn:virtualAuthenticators: true}&#10;Element: [[EdgeDriver: MicrosoftEdge on windows (8b9a07879d9b4a3134d752af43f0c653)] -&gt; xpath: //h2[@id=&quot;sc-active-items-header&quot;]]&#10;Session ID: 8b9a07879d9b4a3134d752af43f0c653"/>
    <system-out><![CDATA[Epoch Time-> 1749580690538
Wed Jun 11 00:08:10 IST 2025
11-Jun-2025_00-08-10
Screenshot is Saved-> On Pass


Title is-> Online Shopping site in India: Shop Online for Mobiles, Books, Watches, Shoes and More - Amazon.in
Sign in or create account
Sign in or create account
Hello, AjitRupa
Child W Title-> VASTRAMAY Men's Gold Ethnic South Indian Silk Blend Shirt, Full Sleeve with Cuffed Sleeves, Perfect for Festive, Wedding, and Formal Occasions : Amazon.in: Clothing & Accessories
The Url is-> https://www.amazon.in/VASTRAMAY-Sleeves-Perfect-Festive-Occasions/dp/B08RS9FH9Y/ref=sr_1_1_sspa?dib=eyJ2IjoiMSJ9.OIdb9v07mU90oYbF0keHktY6O9heDTBhaTO3h5qDQMrcE_vdL9TQWyYlCm_TgpMzLceLKq7OGSHtNm_WtNEll0JXhkJ2tk8VStUkcc0kDeNqaGWVBXX6JtpCO3foSt1G2fFm1ntjEKzQmlBYBCeu6cgG-wwr_wFhxqJjqLOTm9tNrW10ah33Qe0fesJrW4iDU1pyXb5iM2rHsCakYjusUIeqQsNIy82M17nEoBe-vyU8xfakKHqeHLsQamcSTUQbTwP69ghZJdJ-4KYL97jX_FjAx15vSd8bnRp4dAdFLgk.DELDm-HeGlXBFFSSQfRjW9KR3UC3EqG5q6uUQNuhhQ4&dib_tag=se&keywords=Abstract%2BShirt&qid=1749581190&sr=8-1-spons&sp_csd=d2lkZ2V0TmFtZT1zcF9hdGY&th=1&psc=1
Added to cart
Retrying Test-> AddProductTC10_RemoveCartAmazonfor1 time(s).
]]></system-out>
    <system-err><![CDATA[Jun 11, 2025 12:16:11 AM org.openqa.selenium.devtools.CdpVersionFinder findNearestMatch
WARNING: Unable to find an exact match for CDP version 137, returning the closest version; found: 136; Please update to a Selenium version that supports CDP version 137
]]></system-err>
  </testcase>
  <testcase name="AddProductTC10_RemoveCartAmazon" classname="project1_Amazon.U_TC10_Add_Update_RemoveCart" time="50.578">
    <system-out><![CDATA[

Title is-> Online Shopping site in India: Shop Online for Mobiles, Books, Watches, Shoes and More - Amazon.in
Sign in or create account
Sign in or create account
Hello, AjitRupa
Child W Title-> VASTRAMAY Men's Gold Ethnic South Indian Silk Blend Shirt, Full Sleeve with Cuffed Sleeves, Perfect for Festive, Wedding, and Formal Occasions : Amazon.in: Clothing & Accessories
The Url is-> https://www.amazon.in/VASTRAMAY-Sleeves-Perfect-Festive-Occasions/dp/B08RS9FH9Y/ref=sr_1_1_sspa?dib=eyJ2IjoiMSJ9.OIdb9v07mU90oYbF0keHktY6O9heDTBhaTO3h5qDQMrcE_vdL9TQWyYlCm_TgpMzLceLKq7OGSHtNm_WtNEll0JXhkJ2tk8VStUkcc0kDeNqaGWVBXX6JtpCO3foSt1G2fFm1ntjEKzQmlBYBCeu6cgG-wwr_wFhxqJjqLOTm9tNrW10ah33Qe0fesJrW4iDU1pyXb5iM2rHsCakYjusUIeqQsNIy82M17nEoBe-vyU8xfakKHqeHLsQamcSTUQbTwP69ghZJdJ-4KYL97jX_FjAx15vSd8bnRp4dAdFLgk.DELDm-HeGlXBFFSSQfRjW9KR3UC3EqG5q6uUQNuhhQ4&dib_tag=se&keywords=Abstract%2BShirt&qid=1749581235&sr=8-1-spons&sp_csd=d2lkZ2V0TmFtZT1zcF9hdGY&th=1&psc=1
Added to cart
Shopping Cart
Added to cart
Shopping Cart
]]></system-out>
    <system-err><![CDATA[Jun 11, 2025 12:17:00 AM org.openqa.selenium.devtools.CdpVersionFinder findNearestMatch
WARNING: Unable to find an exact match for CDP version 137, returning the closest version; found: 136; Please update to a Selenium version that supports CDP version 137
]]></system-err>
  </testcase>
  <testcase name="ProductTC8_SortAmazon" classname="project1_Amazon.TC8_ProductSort" time="24.463">
    <system-out><![CDATA[Epoch Time-> 1749580690538
Wed Jun 11 00:08:10 IST 2025
11-Jun-2025_00-08-10
Screenshot is Saved-> On Pass


Title is-> Online Shopping site in India: Shop Online for Mobiles, Books, Watches, Shoes and More - Amazon.in
Sign in or create account
Sign in or create account
Hello, AjitRupa
]]></system-out>
    <system-err><![CDATA[Jun 11, 2025 12:18:00 AM org.openqa.selenium.devtools.CdpVersionFinder findNearestMatch
WARNING: Unable to find an exact match for CDP version 137, returning the closest version; found: 136; Please update to a Selenium version that supports CDP version 137
]]></system-err>
  </testcase>
  <testcase name="Star5TC14_Rating_LastOrder_Amazon" classname="project1_Amazon.Y_TC14_StarRating" time="0.0">
    <skipped message="Cannot invoke &quot;org.openqa.selenium.WebDriver.getClass()&quot; because &quot;exceptionDriver&quot; is null"/>
    <system-out><![CDATA[Epoch Time-> 1749580690538
Wed Jun 11 00:08:10 IST 2025
11-Jun-2025_00-08-10
Screenshot is Saved-> On Pass


Title is-> Online Shopping site in India: Shop Online for Mobiles, Books, Watches, Shoes and More - Amazon.in
Sign in or create account
Sign in or create account
Hello, Ajit
Retrying Test-> Star5TC14_Rating_LastOrder_Amazonfor1 time(s).
]]></system-out>
    <system-err><![CDATA[Jun 11, 2025 12:18:37 AM org.openqa.selenium.devtools.CdpVersionFinder findNearestMatch
WARNING: Unable to find an exact match for CDP version 137, returning the closest version; found: 136; Please update to a Selenium version that supports CDP version 137
]]></system-err>
  </testcase>
  <testcase name="Star5TC14_Rating_LastOrder_Amazon" classname="project1_Amazon.Y_TC14_StarRating" time="28.936">
    <failure message="Cannot invoke &quot;org.openqa.selenium.WebDriver.getClass()&quot; because &quot;exceptionDriver&quot; is null" type="java.lang.NullPointerException"><![CDATA[java.lang.NullPointerException: Cannot invoke "org.openqa.selenium.WebDriver.getClass()" because "exceptionDriver" is null
	at org.openqa.selenium.support.ui.WebDriverWait.timeoutException(WebDriverWait.java:85)
	at org.openqa.selenium.support.ui.FluentWait.until(FluentWait.java:228)
	at project1_Amazon_Src.Amazon_RatingPage.Rating(Amazon_RatingPage.java:53)
	at project1_Amazon.Y_TC14_StarRating.Star5TC14_Rating_LastOrder_Amazon(Y_TC14_StarRating.java:43)
	at java.base/jdk.internal.reflect.NativeMethodAccessorImpl.invoke0(Native Method)
	at java.base/jdk.internal.reflect.NativeMethodAccessorImpl.invoke(NativeMethodAccessorImpl.java:77)
	at java.base/jdk.internal.reflect.DelegatingMethodAccessorImpl.invoke(DelegatingMethodAccessorImpl.java:43)
	at java.base/java.lang.reflect.Method.invoke(Method.java:568)
	at org.testng.internal.invokers.MethodInvocationHelper.invokeMethod(MethodInvocationHelper.java:141)
	at org.testng.internal.invokers.TestInvoker.invokeMethod(TestInvoker.java:687)
	at org.testng.internal.invokers.TestInvoker.retryFailed(TestInvoker.java:269)
	at org.testng.internal.invokers.MethodRunner.runInSequence(MethodRunner.java:76)
	at org.testng.internal.invokers.TestInvoker$MethodInvocationAgent.invoke(TestInvoker.java:995)
	at org.testng.internal.invokers.TestInvoker.invokeTestMethods(TestInvoker.java:203)
	at org.testng.internal.invokers.TestMethodWorker.invokeTestMethods(TestMethodWorker.java:154)
	at org.testng.internal.invokers.TestMethodWorker.run(TestMethodWorker.java:134)
	at java.base/java.util.ArrayList.forEach(ArrayList.java:1511)
	at org.testng.TestRunner.privateRun(TestRunner.java:741)
	at org.testng.TestRunner.run(TestRunner.java:616)
	at org.testng.SuiteRunner.runTest(SuiteRunner.java:421)
	at org.testng.SuiteRunner.runSequentially(SuiteRunner.java:413)
	at org.testng.SuiteRunner.privateRun(SuiteRunner.java:373)
	at org.testng.SuiteRunner.run(SuiteRunner.java:312)
	at org.testng.SuiteRunnerWorker.runSuite(SuiteRunnerWorker.java:52)
	at org.testng.SuiteRunnerWorker.run(SuiteRunnerWorker.java:95)
	at org.testng.TestNG.runSuitesSequentially(TestNG.java:1274)
	at org.testng.TestNG.runSuitesLocally(TestNG.java:1208)
	at org.testng.TestNG.runSuites(TestNG.java:1112)
	at org.testng.TestNG.run(TestNG.java:1079)
	at org.apache.maven.surefire.testng.TestNGExecutor.run(TestNGExecutor.java:308)
	at org.apache.maven.surefire.testng.TestNGXmlTestSuite.execute(TestNGXmlTestSuite.java:71)
	at org.apache.maven.surefire.testng.TestNGProvider.invoke(TestNGProvider.java:113)
	at org.apache.maven.surefire.booter.ForkedBooter.runSuitesInProcess(ForkedBooter.java:385)
	at org.apache.maven.surefire.booter.ForkedBooter.execute(ForkedBooter.java:162)
	at org.apache.maven.surefire.booter.ForkedBooter.run(ForkedBooter.java:507)
	at org.apache.maven.surefire.booter.ForkedBooter.main(ForkedBooter.java:495)
]]></failure>
    <system-out><![CDATA[

Title is-> Online Shopping site in India: Shop Online for Mobiles, Books, Watches, Shoes and More - Amazon.in
Sign in or create account
Sign in or create account
Hello, Ajit
]]></system-out>
    <system-err><![CDATA[Jun 11, 2025 12:19:25 AM org.openqa.selenium.devtools.CdpVersionFinder findNearestMatch
WARNING: Unable to find an exact match for CDP version 137, returning the closest version; found: 136; Please update to a Selenium version that supports CDP version 137
]]></system-err>
  </testcase>
</testsuite>