<?xml version="1.0" encoding="UTF-8"?>
<testsuite xmlns:xsi="http://www.w3.org/2001/XMLSchema-instance" xsi:noNamespaceSchemaLocation="https://maven.apache.org/surefire/maven-surefire-plugin/xsd/surefire-test-report.xsd" version="3.0.2" name="TestSuite" time="639.55" tests="19" errors="0" skipped="4" failures="3">
  <properties>
    <property name="java.specification.version" value="17"/>
    <property name="sun.cpu.isalist" value="amd64"/>
    <property name="sun.jnu.encoding" value="Cp1252"/>
    <property name="java.class.path" value="C:\Users\ajitc\eclipse-workspace\Maven_Programs2\target\test-classes;C:\Users\ajitc\eclipse-workspace\Maven_Programs2\target\classes;C:\Users\ajitc\.m2\repository\com\aventstack\extentreports\5.0.9\extentreports-5.0.9.jar;C:\Users\ajitc\.m2\repository\io\reactivex\rxjava3\rxjava\3.0.4\rxjava-3.0.4.jar;C:\Users\ajitc\.m2\repository\org\reactivestreams\reactive-streams\1.0.3\reactive-streams-1.0.3.jar;C:\Users\ajitc\.m2\repository\org\freemarker\freemarker\2.3.30\freemarker-2.3.30.jar;C:\Users\ajitc\.m2\repository\org\projectlombok\lombok\1.18.12\lombok-1.18.12.jar;C:\Users\ajitc\.m2\repository\com\google\code\gson\gson\2.8.6\gson-2.8.6.jar;C:\Users\ajitc\.m2\repository\org\testng\testng\7.11.0\testng-7.11.0.jar;C:\Users\ajitc\.m2\repository\org\slf4j\slf4j-api\2.0.16\slf4j-api-2.0.16.jar;C:\Users\ajitc\.m2\repository\org\jcommander\jcommander\1.83\jcommander-1.83.jar;C:\Users\ajitc\.m2\repository\org\webjars\jquery\3.7.1\jquery-3.7.1.jar;C:\Users\ajitc\.m2\repository\org\seleniumhq\selenium\selenium-java\4.33.0\selenium-java-4.33.0.jar;C:\Users\ajitc\.m2\repository\org\seleniumhq\selenium\selenium-api\4.33.0\selenium-api-4.33.0.jar;C:\Users\ajitc\.m2\repository\org\jspecify\jspecify\1.0.0\jspecify-1.0.0.jar;C:\Users\ajitc\.m2\repository\org\seleniumhq\selenium\selenium-chrome-driver\4.33.0\selenium-chrome-driver-4.33.0.jar;C:\Users\ajitc\.m2\repository\com\google\auto\service\auto-service-annotations\1.1.1\auto-service-annotations-1.1.1.jar;C:\Users\ajitc\.m2\repository\org\seleniumhq\selenium\selenium-chromium-driver\4.33.0\selenium-chromium-driver-4.33.0.jar;C:\Users\ajitc\.m2\repository\org\seleniumhq\selenium\selenium-json\4.33.0\selenium-json-4.33.0.jar;C:\Users\ajitc\.m2\repository\org\seleniumhq\selenium\selenium-manager\4.33.0\selenium-manager-4.33.0.jar;C:\Users\ajitc\.m2\repository\org\seleniumhq\selenium\selenium-devtools-v135\4.33.0\selenium-devtools-v135-4.33.0.jar;C:\Users\ajitc\.m2\repository\org\seleniumhq\selenium\selenium-devtools-v136\4.33.0\selenium-devtools-v136-4.33.0.jar;C:\Users\ajitc\.m2\repository\org\seleniumhq\selenium\selenium-devtools-v137\4.33.0\selenium-devtools-v137-4.33.0.jar;C:\Users\ajitc\.m2\repository\org\seleniumhq\selenium\selenium-edge-driver\4.33.0\selenium-edge-driver-4.33.0.jar;C:\Users\ajitc\.m2\repository\org\seleniumhq\selenium\selenium-firefox-driver\4.33.0\selenium-firefox-driver-4.33.0.jar;C:\Users\ajitc\.m2\repository\org\seleniumhq\selenium\selenium-http\4.33.0\selenium-http-4.33.0.jar;C:\Users\ajitc\.m2\repository\org\seleniumhq\selenium\selenium-ie-driver\4.33.0\selenium-ie-driver-4.33.0.jar;C:\Users\ajitc\.m2\repository\org\seleniumhq\selenium\selenium-remote-driver\4.33.0\selenium-remote-driver-4.33.0.jar;C:\Users\ajitc\.m2\repository\com\google\guava\guava\33.4.8-jre\guava-33.4.8-jre.jar;C:\Users\ajitc\.m2\repository\com\google\guava\failureaccess\1.0.3\failureaccess-1.0.3.jar;C:\Users\ajitc\.m2\repository\com\google\guava\listenablefuture\9999.0-empty-to-avoid-conflict-with-guava\listenablefuture-9999.0-empty-to-avoid-conflict-with-guava.jar;C:\Users\ajitc\.m2\repository\com\google\errorprone\error_prone_annotations\2.36.0\error_prone_annotations-2.36.0.jar;C:\Users\ajitc\.m2\repository\com\google\j2objc\j2objc-annotations\3.0.0\j2objc-annotations-3.0.0.jar;C:\Users\ajitc\.m2\repository\io\opentelemetry\opentelemetry-api\1.50.0\opentelemetry-api-1.50.0.jar;C:\Users\ajitc\.m2\repository\io\opentelemetry\opentelemetry-context\1.50.0\opentelemetry-context-1.50.0.jar;C:\Users\ajitc\.m2\repository\io\opentelemetry\opentelemetry-exporter-logging\1.50.0\opentelemetry-exporter-logging-1.50.0.jar;C:\Users\ajitc\.m2\repository\io\opentelemetry\opentelemetry-sdk-common\1.50.0\opentelemetry-sdk-common-1.50.0.jar;C:\Users\ajitc\.m2\repository\io\opentelemetry\opentelemetry-sdk-extension-autoconfigure-spi\1.50.0\opentelemetry-sdk-extension-autoconfigure-spi-1.50.0.jar;C:\Users\ajitc\.m2\repository\io\opentelemetry\opentelemetry-sdk-extension-autoconfigure\1.50.0\opentelemetry-sdk-extension-autoconfigure-1.50.0.jar;C:\Users\ajitc\.m2\repository\io\opentelemetry\opentelemetry-sdk-trace\1.50.0\opentelemetry-sdk-trace-1.50.0.jar;C:\Users\ajitc\.m2\repository\io\opentelemetry\opentelemetry-sdk\1.50.0\opentelemetry-sdk-1.50.0.jar;C:\Users\ajitc\.m2\repository\io\opentelemetry\opentelemetry-sdk-metrics\1.50.0\opentelemetry-sdk-metrics-1.50.0.jar;C:\Users\ajitc\.m2\repository\io\opentelemetry\opentelemetry-sdk-logs\1.50.0\opentelemetry-sdk-logs-1.50.0.jar;C:\Users\ajitc\.m2\repository\net\bytebuddy\byte-buddy\1.17.5\byte-buddy-1.17.5.jar;C:\Users\ajitc\.m2\repository\org\seleniumhq\selenium\selenium-os\4.33.0\selenium-os-4.33.0.jar;C:\Users\ajitc\.m2\repository\org\apache\commons\commons-exec\1.4.0\commons-exec-1.4.0.jar;C:\Users\ajitc\.m2\repository\org\seleniumhq\selenium\selenium-safari-driver\4.33.0\selenium-safari-driver-4.33.0.jar;C:\Users\ajitc\.m2\repository\org\seleniumhq\selenium\selenium-support\4.33.0\selenium-support-4.33.0.jar;C:\Users\ajitc\.m2\repository\org\apache\poi\poi\5.4.1\poi-5.4.1.jar;C:\Users\ajitc\.m2\repository\commons-codec\commons-codec\1.18.0\commons-codec-1.18.0.jar;C:\Users\ajitc\.m2\repository\org\apache\commons\commons-collections4\4.4\commons-collections4-4.4.jar;C:\Users\ajitc\.m2\repository\org\apache\commons\commons-math3\3.6.1\commons-math3-3.6.1.jar;C:\Users\ajitc\.m2\repository\commons-io\commons-io\2.18.0\commons-io-2.18.0.jar;C:\Users\ajitc\.m2\repository\com\zaxxer\SparseBitSet\1.3\SparseBitSet-1.3.jar;C:\Users\ajitc\.m2\repository\org\apache\logging\log4j\log4j-api\2.24.3\log4j-api-2.24.3.jar;C:\Users\ajitc\.m2\repository\org\apache\poi\poi-ooxml\5.4.1\poi-ooxml-5.4.1.jar;C:\Users\ajitc\.m2\repository\org\apache\poi\poi-ooxml-lite\5.4.1\poi-ooxml-lite-5.4.1.jar;C:\Users\ajitc\.m2\repository\org\apache\xmlbeans\xmlbeans\5.3.0\xmlbeans-5.3.0.jar;C:\Users\ajitc\.m2\repository\org\apache\commons\commons-compress\1.27.1\commons-compress-1.27.1.jar;C:\Users\ajitc\.m2\repository\org\apache\commons\commons-lang3\3.16.0\commons-lang3-3.16.0.jar;C:\Users\ajitc\.m2\repository\com\github\virtuald\curvesapi\1.08\curvesapi-1.08.jar;"/>
    <property name="java.vm.vendor" value="Eclipse Adoptium"/>
    <property name="sun.arch.data.model" value="64"/>
    <property name="user.variant" value=""/>
    <property name="java.vendor.url" value="https://adoptium.net/"/>
    <property name="user.timezone" value="Asia/Calcutta"/>
    <property name="os.name" value="Windows 11"/>
    <property name="java.vm.specification.version" value="17"/>
    <property name="sun.java.launcher" value="SUN_STANDARD"/>
    <property name="user.country" value="IN"/>
    <property name="sun.boot.library.path" value="C:\Users\ajitc\.p2\pool\plugins\org.eclipse.justj.openjdk.hotspot.jre.full.win32.x86_64_17.0.11.v20240426-1830\jre\bin"/>
    <property name="sun.java.command" value="C:\Users\ajitc\AppData\Local\Temp\surefire16940339564841401938\surefirebooter-20250613225942503_3.jar C:\Users\ajitc\AppData\Local\Temp\surefire16940339564841401938 2025-06-13T22-59-42_074-jvmRun1 surefire-20250613225942503_1tmp surefire_0-20250613225942503_2tmp"/>
    <property name="jdk.debug" value="release"/>
    <property name="surefire.test.class.path" value="C:\Users\ajitc\eclipse-workspace\Maven_Programs2\target\test-classes;C:\Users\ajitc\eclipse-workspace\Maven_Programs2\target\classes;C:\Users\ajitc\.m2\repository\com\aventstack\extentreports\5.0.9\extentreports-5.0.9.jar;C:\Users\ajitc\.m2\repository\io\reactivex\rxjava3\rxjava\3.0.4\rxjava-3.0.4.jar;C:\Users\ajitc\.m2\repository\org\reactivestreams\reactive-streams\1.0.3\reactive-streams-1.0.3.jar;C:\Users\ajitc\.m2\repository\org\freemarker\freemarker\2.3.30\freemarker-2.3.30.jar;C:\Users\ajitc\.m2\repository\org\projectlombok\lombok\1.18.12\lombok-1.18.12.jar;C:\Users\ajitc\.m2\repository\com\google\code\gson\gson\2.8.6\gson-2.8.6.jar;C:\Users\ajitc\.m2\repository\org\testng\testng\7.11.0\testng-7.11.0.jar;C:\Users\ajitc\.m2\repository\org\slf4j\slf4j-api\2.0.16\slf4j-api-2.0.16.jar;C:\Users\ajitc\.m2\repository\org\jcommander\jcommander\1.83\jcommander-1.83.jar;C:\Users\ajitc\.m2\repository\org\webjars\jquery\3.7.1\jquery-3.7.1.jar;C:\Users\ajitc\.m2\repository\org\seleniumhq\selenium\selenium-java\4.33.0\selenium-java-4.33.0.jar;C:\Users\ajitc\.m2\repository\org\seleniumhq\selenium\selenium-api\4.33.0\selenium-api-4.33.0.jar;C:\Users\ajitc\.m2\repository\org\jspecify\jspecify\1.0.0\jspecify-1.0.0.jar;C:\Users\ajitc\.m2\repository\org\seleniumhq\selenium\selenium-chrome-driver\4.33.0\selenium-chrome-driver-4.33.0.jar;C:\Users\ajitc\.m2\repository\com\google\auto\service\auto-service-annotations\1.1.1\auto-service-annotations-1.1.1.jar;C:\Users\ajitc\.m2\repository\org\seleniumhq\selenium\selenium-chromium-driver\4.33.0\selenium-chromium-driver-4.33.0.jar;C:\Users\ajitc\.m2\repository\org\seleniumhq\selenium\selenium-json\4.33.0\selenium-json-4.33.0.jar;C:\Users\ajitc\.m2\repository\org\seleniumhq\selenium\selenium-manager\4.33.0\selenium-manager-4.33.0.jar;C:\Users\ajitc\.m2\repository\org\seleniumhq\selenium\selenium-devtools-v135\4.33.0\selenium-devtools-v135-4.33.0.jar;C:\Users\ajitc\.m2\repository\org\seleniumhq\selenium\selenium-devtools-v136\4.33.0\selenium-devtools-v136-4.33.0.jar;C:\Users\ajitc\.m2\repository\org\seleniumhq\selenium\selenium-devtools-v137\4.33.0\selenium-devtools-v137-4.33.0.jar;C:\Users\ajitc\.m2\repository\org\seleniumhq\selenium\selenium-edge-driver\4.33.0\selenium-edge-driver-4.33.0.jar;C:\Users\ajitc\.m2\repository\org\seleniumhq\selenium\selenium-firefox-driver\4.33.0\selenium-firefox-driver-4.33.0.jar;C:\Users\ajitc\.m2\repository\org\seleniumhq\selenium\selenium-http\4.33.0\selenium-http-4.33.0.jar;C:\Users\ajitc\.m2\repository\org\seleniumhq\selenium\selenium-ie-driver\4.33.0\selenium-ie-driver-4.33.0.jar;C:\Users\ajitc\.m2\repository\org\seleniumhq\selenium\selenium-remote-driver\4.33.0\selenium-remote-driver-4.33.0.jar;C:\Users\ajitc\.m2\repository\com\google\guava\guava\33.4.8-jre\guava-33.4.8-jre.jar;C:\Users\ajitc\.m2\repository\com\google\guava\failureaccess\1.0.3\failureaccess-1.0.3.jar;C:\Users\ajitc\.m2\repository\com\google\guava\listenablefuture\9999.0-empty-to-avoid-conflict-with-guava\listenablefuture-9999.0-empty-to-avoid-conflict-with-guava.jar;C:\Users\ajitc\.m2\repository\com\google\errorprone\error_prone_annotations\2.36.0\error_prone_annotations-2.36.0.jar;C:\Users\ajitc\.m2\repository\com\google\j2objc\j2objc-annotations\3.0.0\j2objc-annotations-3.0.0.jar;C:\Users\ajitc\.m2\repository\io\opentelemetry\opentelemetry-api\1.50.0\opentelemetry-api-1.50.0.jar;C:\Users\ajitc\.m2\repository\io\opentelemetry\opentelemetry-context\1.50.0\opentelemetry-context-1.50.0.jar;C:\Users\ajitc\.m2\repository\io\opentelemetry\opentelemetry-exporter-logging\1.50.0\opentelemetry-exporter-logging-1.50.0.jar;C:\Users\ajitc\.m2\repository\io\opentelemetry\opentelemetry-sdk-common\1.50.0\opentelemetry-sdk-common-1.50.0.jar;C:\Users\ajitc\.m2\repository\io\opentelemetry\opentelemetry-sdk-extension-autoconfigure-spi\1.50.0\opentelemetry-sdk-extension-autoconfigure-spi-1.50.0.jar;C:\Users\ajitc\.m2\repository\io\opentelemetry\opentelemetry-sdk-extension-autoconfigure\1.50.0\opentelemetry-sdk-extension-autoconfigure-1.50.0.jar;C:\Users\ajitc\.m2\repository\io\opentelemetry\opentelemetry-sdk-trace\1.50.0\opentelemetry-sdk-trace-1.50.0.jar;C:\Users\ajitc\.m2\repository\io\opentelemetry\opentelemetry-sdk\1.50.0\opentelemetry-sdk-1.50.0.jar;C:\Users\ajitc\.m2\repository\io\opentelemetry\opentelemetry-sdk-metrics\1.50.0\opentelemetry-sdk-metrics-1.50.0.jar;C:\Users\ajitc\.m2\repository\io\opentelemetry\opentelemetry-sdk-logs\1.50.0\opentelemetry-sdk-logs-1.50.0.jar;C:\Users\ajitc\.m2\repository\net\bytebuddy\byte-buddy\1.17.5\byte-buddy-1.17.5.jar;C:\Users\ajitc\.m2\repository\org\seleniumhq\selenium\selenium-os\4.33.0\selenium-os-4.33.0.jar;C:\Users\ajitc\.m2\repository\org\apache\commons\commons-exec\1.4.0\commons-exec-1.4.0.jar;C:\Users\ajitc\.m2\repository\org\seleniumhq\selenium\selenium-safari-driver\4.33.0\selenium-safari-driver-4.33.0.jar;C:\Users\ajitc\.m2\repository\org\seleniumhq\selenium\selenium-support\4.33.0\selenium-support-4.33.0.jar;C:\Users\ajitc\.m2\repository\org\apache\poi\poi\5.4.1\poi-5.4.1.jar;C:\Users\ajitc\.m2\repository\commons-codec\commons-codec\1.18.0\commons-codec-1.18.0.jar;C:\Users\ajitc\.m2\repository\org\apache\commons\commons-collections4\4.4\commons-collections4-4.4.jar;C:\Users\ajitc\.m2\repository\org\apache\commons\commons-math3\3.6.1\commons-math3-3.6.1.jar;C:\Users\ajitc\.m2\repository\commons-io\commons-io\2.18.0\commons-io-2.18.0.jar;C:\Users\ajitc\.m2\repository\com\zaxxer\SparseBitSet\1.3\SparseBitSet-1.3.jar;C:\Users\ajitc\.m2\repository\org\apache\logging\log4j\log4j-api\2.24.3\log4j-api-2.24.3.jar;C:\Users\ajitc\.m2\repository\org\apache\poi\poi-ooxml\5.4.1\poi-ooxml-5.4.1.jar;C:\Users\ajitc\.m2\repository\org\apache\poi\poi-ooxml-lite\5.4.1\poi-ooxml-lite-5.4.1.jar;C:\Users\ajitc\.m2\repository\org\apache\xmlbeans\xmlbeans\5.3.0\xmlbeans-5.3.0.jar;C:\Users\ajitc\.m2\repository\org\apache\commons\commons-compress\1.27.1\commons-compress-1.27.1.jar;C:\Users\ajitc\.m2\repository\org\apache\commons\commons-lang3\3.16.0\commons-lang3-3.16.0.jar;C:\Users\ajitc\.m2\repository\com\github\virtuald\curvesapi\1.08\curvesapi-1.08.jar;"/>
    <property name="sun.cpu.endian" value="little"/>
    <property name="user.home" value="C:\Users\ajitc"/>
    <property name="user.language" value="en"/>
    <property name="java.specification.vendor" value="Oracle Corporation"/>
    <property name="java.version.date" value="2024-04-16"/>
    <property name="java.home" value="C:\Users\ajitc\.p2\pool\plugins\org.eclipse.justj.openjdk.hotspot.jre.full.win32.x86_64_17.0.11.v20240426-1830\jre"/>
    <property name="file.separator" value="\"/>
    <property name="style.color" value="always"/>
    <property name="basedir" value="C:\Users\ajitc\eclipse-workspace\Maven_Programs2"/>
    <property name="java.vm.compressedOopsMode" value="32-bit"/>
    <property name="line.separator" value="&#10;"/>
    <property name="java.vm.specification.vendor" value="Oracle Corporation"/>
    <property name="java.specification.name" value="Java Platform API Specification"/>
    <property name="surefire.real.class.path" value="C:\Users\ajitc\AppData\Local\Temp\surefire16940339564841401938\surefirebooter-20250613225942503_3.jar"/>
    <property name="user.script" value=""/>
    <property name="sun.management.compiler" value="HotSpot 64-Bit Tiered Compilers"/>
    <property name="java.runtime.version" value="17.0.11+9"/>
    <property name="user.name" value="ajitc"/>
    <property name="path.separator" value=";"/>
    <property name="os.version" value="10.0"/>
    <property name="java.runtime.name" value="OpenJDK Runtime Environment"/>
    <property name="file.encoding" value="Cp1252"/>
    <property name="java.vm.name" value="OpenJDK 64-Bit Server VM"/>
    <property name="java.vendor.version" value="Temurin-17.0.11+9"/>
    <property name="localRepository" value="C:\Users\ajitc\.m2\repository"/>
    <property name="java.vendor.url.bug" value="https://github.com/adoptium/adoptium-support/issues"/>
    <property name="java.io.tmpdir" value="C:\Users\ajitc\AppData\Local\Temp\"/>
    <property name="java.version" value="17.0.11"/>
    <property name="user.dir" value="C:\Users\ajitc\eclipse-workspace\Maven_Programs2"/>
    <property name="os.arch" value="amd64"/>
    <property name="java.vm.specification.name" value="Java Virtual Machine Specification"/>
    <property name="sun.os.patch.level" value=""/>
    <property name="native.encoding" value="Cp1252"/>
    <property name="java.library.path" value="C:\Users\ajitc\.p2\pool\plugins\org.eclipse.justj.openjdk.hotspot.jre.full.win32.x86_64_17.0.11.v20240426-1830\jre\bin;C:\WINDOWS\Sun\Java\bin;C:\WINDOWS\system32;C:\WINDOWS;C:/Users/ajitc/.p2/pool/plugins/org.eclipse.justj.openjdk.hotspot.jre.full.win32.x86_64_17.0.11.v20240426-1830/jre/bin/server;C:/Users/ajitc/.p2/pool/plugins/org.eclipse.justj.openjdk.hotspot.jre.full.win32.x86_64_17.0.11.v20240426-1830/jre/bin;C:\Program Files\Common Files\Oracle\Java\javapath;C:\Users\ajitc\Downloads\WINDOWS.X64_193000_db_home\bin;C:\WINDOWS\system32;C:\WINDOWS;C:\WINDOWS\System32\Wbem;C:\WINDOWS\System32\WindowsPowerShell\v1.0\;C:\WINDOWS\System32\OpenSSH\;C:\Program Files\dotnet\;C:\Program Files (x86)\Microsoft SQL Server\160\Tools\Binn\;C:\Program Files\Microsoft SQL Server\160\Tools\Binn\;C:\Program Files\Microsoft SQL Server\Client SDK\ODBC\170\Tools\Binn\;C:\Program Files\Microsoft SQL Server\160\DTS\Binn\;C:\Program Files\Azure Data Studio\bin;C:\Program Files (x86)\Microsoft SQL Server\160\DTS\Binn\;C:\Program Files\Git\cmd;C:\Users\ajitc\AppData\Local\Microsoft\WindowsApps;;C:\Program Files\Azure Data Studio\bin;C:\Users\ajitc\eclipse\java-2024-03\eclipse;;."/>
    <property name="java.vm.info" value="mixed mode"/>
    <property name="java.vendor" value="Eclipse Adoptium"/>
    <property name="java.vm.version" value="17.0.11+9"/>
    <property name="sun.io.unicode.encoding" value="UnicodeLittle"/>
    <property name="java.class.version" value="61.0"/>
  </properties>
  <testcase name="SearchProductTC5_Amazon" classname="project1_Amazon.TC5_SearchProduct" time="12.287">
    <system-out><![CDATA[
Title is-> Online Shopping site in India: Shop Online for Mobiles, Books, Watches, Shoes and More - Amazon.in
2025-06-13T17:29:54.759509Z main ERROR Log4j API could not find a logging provider.
Sign in or create account
Sign in or create account
Hello, AjitRupa
]]></system-out>
    <system-err><![CDATA[SLF4J(W): No SLF4J providers were found.
SLF4J(W): Defaulting to no-operation (NOP) logger implementation
SLF4J(W): See https://www.slf4j.org/codes.html#noProviders for further details.
]]></system-err>
  </testcase>
  <testcase name="ReachTillTC15_Cart_WithoutLoginAmazon" classname="project1_Amazon.Z_TC15_WithOut_Login_Cart" time="13.331">
    <system-out><![CDATA[Epoch Time-> 1749835785345
Fri Jun 13 22:59:45 IST 2025
13-Jun-2025_22-59-45
Screenshot is Saved-> On Pass


Title is-> Online Shopping site in India: Shop Online for Mobiles, Books, Watches, Shoes and More - Amazon.in
Added to cart
Child W Title-> Amazon.in Shopping Cart
The Url is-> https://www.amazon.in/cart/smart-wagon?newItems=477bbcf4-3eb9-4da5-bd2c-84c2b03c874e,1&ref_=sw_refresh
]]></system-out>
  </testcase>
  <testcase name="SelectTC16_CardPaymentAmazon" classname="project1_Amazon.Z_TC16_SelectCard_PaymentMthd" time="25.444">
    <system-out><![CDATA[Epoch Time-> 1749835785345
Fri Jun 13 22:59:45 IST 2025
13-Jun-2025_22-59-45
Screenshot is Saved-> On Pass


Title is-> Online Shopping site in India: Shop Online for Mobiles, Books, Watches, Shoes and More - Amazon.in
Sign in or create account
Sign in or create account
Hello, AjitRupa
Child W Title-> Place Your Order - Amazon Checkout
The Url is-> https://www.amazon.in/checkout/p/p-404-5095453-3136325/pay?pipelineType=Chewbacca&isBuyNow=1&referrer=pay
]]></system-out>
  </testcase>
  <testcase name="SearchProductTC6_FilterAmazon" classname="project1_Amazon.TC6_SearchingByFilters" time="22.922">
    <system-out><![CDATA[Epoch Time-> 1749835785345
Fri Jun 13 22:59:45 IST 2025
13-Jun-2025_22-59-45
Screenshot is Saved-> On Pass


Title is-> Online Shopping site in India: Shop Online for Mobiles, Books, Watches, Shoes and More - Amazon.in
Sign in or create account
Sign in or create account
Hello, AjitRupa
Amazon.in: Shoe - 256097 / ₹2,100 - ₹3,000 / 8: Shoes & Handbags
price --->₹2,100 - ₹3,000
]]></system-out>
  </testcase>
  <testcase name="LoginFailTC3_ToAmazon" classname="project1_Amazon.TC3_Fail_Login" time="7.293">
    <system-out><![CDATA[Epoch Time-> 1749835785345
Fri Jun 13 22:59:45 IST 2025
13-Jun-2025_22-59-45
Screenshot is Saved-> On Pass


Title is-> Online Shopping site in India: Shop Online for Mobiles, Books, Watches, Shoes and More - Amazon.in
Sign in or create account
Sign in or create account
Your password is incorrect
]]></system-out>
  </testcase>
  <testcase name="LoginTC2_ToAmazon" classname="project1_Amazon.TC2_Login" time="11.586">
    <system-out><![CDATA[Epoch Time-> 1749835785345
Fri Jun 13 22:59:45 IST 2025
13-Jun-2025_22-59-45
Screenshot is Saved-> On Pass


Title is-> Online Shopping site in India: Shop Online for Mobiles, Books, Watches, Shoes and More - Amazon.in
Sign in or create account
Sign in or create account
Hello, AjitRupa
Sign in or create account
]]></system-out>
  </testcase>
  <testcase name="ProductTC9_AddToCartAmazon" classname="project1_Amazon.TC9_AddToCart" time="22.415">
    <system-out><![CDATA[Epoch Time-> 1749835785345
Fri Jun 13 22:59:45 IST 2025
13-Jun-2025_22-59-45
Screenshot is Saved-> On Pass


Title is-> Online Shopping site in India: Shop Online for Mobiles, Books, Watches, Shoes and More - Amazon.in
Sign in or create account
Sign in or create account
Hello, AjitRupa

Added to cart
]]></system-out>
  </testcase>
  <testcase name="BuyProductTC11_Checkout_PaymentAmazon" classname="project1_Amazon.V_TC11_BuyCheckout_PaymentReview" time="27.437">
    <system-out><![CDATA[Epoch Time-> 1749835785345
Fri Jun 13 22:59:45 IST 2025
13-Jun-2025_22-59-45
Screenshot is Saved-> On Pass


Title is-> Online Shopping site in India: Shop Online for Mobiles, Books, Watches, Shoes and More - Amazon.in
Sign in or create account
Sign in or create account
Hello, AjitRupa
Child W Title-> Place Your Order - Amazon Checkout
The Url is-> https://www.amazon.in/checkout/p/p-404-0553142-0289922/pay?pipelineType=Chewbacca&isBuyNow=1&referrer=pay
Credit or debit card

Review items and shipping
Delivering to Ajit Choudhary
]]></system-out>
  </testcase>
  <testcase name="EditProfileTC4_Amazon" classname="project1_Amazon.TC4_EditProfile" time="18.896">
    <system-out><![CDATA[Epoch Time-> 1749835785345
Fri Jun 13 22:59:45 IST 2025
13-Jun-2025_22-59-45
Screenshot is Saved-> On Pass


Title is-> Online Shopping site in India: Shop Online for Mobiles, Books, Watches, Shoes and More - Amazon.in
Sign in or create account
Sign in or create account
Hello, AjitRupa
Name updated.
]]></system-out>
  </testcase>
  <testcase name="SelectTC12_AllPaymentAmazon" classname="project1_Amazon.W_TC12_SelectEach_PaymentMthd" time="0.0">
    <skipped message="element click intercepted: Element &lt;input id=&quot;pp-6H3mAF-139&quot; type=&quot;radio&quot; name=&quot;ppw-instrumentRowSelection&quot; value=&quot;instrumentId=EMI&amp;amp;isExpired=false&amp;amp;paymentMethod=CC&amp;amp;tfxEligible=false&quot; disabled=&quot;&quot;&gt; is not clickable at point (91, 481). Other element would receive the click: &lt;span role=&quot;radio&quot;&gt;...&lt;/span&gt;&#10;  (Session info: MicrosoftEdge=137.0.3296.68)&#10;Build info: version: &apos;4.33.0&apos;, revision: &apos;2c6aaad03a&apos;&#10;System info: os.name: &apos;Windows 11&apos;, os.arch: &apos;amd64&apos;, os.version: &apos;10.0&apos;, java.version: &apos;17.0.11&apos;&#10;Driver info: org.openqa.selenium.edge.EdgeDriver&#10;Command: [94462334f6275891e04d5f1efd47a892, clickElement {id=f.3C85F66B02CB64538A67930A5BF2BBF9.d.8F1103B42F4A04ED9C7282AF34D5BD6C.e.339}]&#10;Capabilities {acceptInsecureCerts: false, browserName: MicrosoftEdge, browserVersion: 137.0.3296.68, fedcm:accounts: true, ms:edgeOptions: {debuggerAddress: localhost:57312}, msedge: {msedgedriverVersion: 137.0.3296.68 (f3affdcf267b..., userDataDir: C:\Users\ajitc\AppData\Loca...}, networkConnectionEnabled: false, pageLoadStrategy: normal, platformName: windows, proxy: Proxy(), se:cdp: ws://localhost:57312/devtoo..., se:cdpVersion: 137.0.3296.68, setWindowRect: true, strictFileInteractability: false, timeouts: {implicit: 0, pageLoad: 300000, script: 30000}, unhandledPromptBehavior: dismiss and notify, webauthn:extension:credBlob: true, webauthn:extension:largeBlob: true, webauthn:extension:minPinLength: true, webauthn:extension:prf: true, webauthn:virtualAuthenticators: true}&#10;Element: [[EdgeDriver: MicrosoftEdge on windows (94462334f6275891e04d5f1efd47a892)] -&gt; xpath: (//input[@name=&apos;ppw-instrumentRowSelection&apos;])[5]]&#10;Session ID: 94462334f6275891e04d5f1efd47a892"/>
    <system-out><![CDATA[Epoch Time-> 1749835785345
Fri Jun 13 22:59:45 IST 2025
13-Jun-2025_22-59-45
Screenshot is Saved-> On Pass


Title is-> Online Shopping site in India: Shop Online for Mobiles, Books, Watches, Shoes and More - Amazon.in
Sign in or create account
Sign in or create account
Hello, AjitRupa
Child W Title-> 
The Url is-> https://www.amazon.in/checkout/p/p-404-6327628-3057128/pay?pipelineType=Chewbacca&isBuyNow=1&referrer=pay
Credit or debit card
Review items and shipping
Retrying Test-> SelectTC12_AllPaymentAmazonfor1 time(s).
]]></system-out>
  </testcase>
  <testcase name="SelectTC12_AllPaymentAmazon" classname="project1_Amazon.W_TC12_SelectEach_PaymentMthd" time="35.34">
    <failure message="All assertion not passed&#10;	expected [Ajit Choudhary] but found [Credit or debit card]" type="java.lang.AssertionError"><![CDATA[java.lang.AssertionError: 
All assertion not passed
	expected [Ajit Choudhary] but found [Credit or debit card]
	at org.testng.asserts.SoftAssert.assertAll(SoftAssert.java:46)
	at project1_Amazon_Src.Amazon_PaymentMethodPage.AllPaymentMethods(Amazon_PaymentMethodPage.java:143)
	at project1_Amazon.W_TC12_SelectEach_PaymentMthd.SelectTC12_AllPaymentAmazon(W_TC12_SelectEach_PaymentMthd.java:55)
	at java.base/jdk.internal.reflect.NativeMethodAccessorImpl.invoke0(Native Method)
	at java.base/jdk.internal.reflect.NativeMethodAccessorImpl.invoke(NativeMethodAccessorImpl.java:77)
	at java.base/jdk.internal.reflect.DelegatingMethodAccessorImpl.invoke(DelegatingMethodAccessorImpl.java:43)
	at java.base/java.lang.reflect.Method.invoke(Method.java:568)
	at org.testng.internal.invokers.MethodInvocationHelper.invokeMethod(MethodInvocationHelper.java:141)
	at org.testng.internal.invokers.TestInvoker.invokeMethod(TestInvoker.java:687)
	at org.testng.internal.invokers.TestInvoker.retryFailed(TestInvoker.java:269)
	at org.testng.internal.invokers.MethodRunner.runInSequence(MethodRunner.java:76)
	at org.testng.internal.invokers.TestInvoker$MethodInvocationAgent.invoke(TestInvoker.java:995)
	at org.testng.internal.invokers.TestInvoker.invokeTestMethods(TestInvoker.java:203)
	at org.testng.internal.invokers.TestMethodWorker.invokeTestMethods(TestMethodWorker.java:154)
	at org.testng.internal.invokers.TestMethodWorker.run(TestMethodWorker.java:134)
	at java.base/java.util.ArrayList.forEach(ArrayList.java:1511)
	at org.testng.TestRunner.privateRun(TestRunner.java:741)
	at org.testng.TestRunner.run(TestRunner.java:616)
	at org.testng.SuiteRunner.runTest(SuiteRunner.java:421)
	at org.testng.SuiteRunner.runSequentially(SuiteRunner.java:413)
	at org.testng.SuiteRunner.privateRun(SuiteRunner.java:373)
	at org.testng.SuiteRunner.run(SuiteRunner.java:312)
	at org.testng.SuiteRunnerWorker.runSuite(SuiteRunnerWorker.java:52)
	at org.testng.SuiteRunnerWorker.run(SuiteRunnerWorker.java:95)
	at org.testng.TestNG.runSuitesSequentially(TestNG.java:1274)
	at org.testng.TestNG.runSuitesLocally(TestNG.java:1208)
	at org.testng.TestNG.runSuites(TestNG.java:1112)
	at org.testng.TestNG.run(TestNG.java:1079)
	at org.apache.maven.surefire.testng.TestNGExecutor.run(TestNGExecutor.java:308)
	at org.apache.maven.surefire.testng.TestNGXmlTestSuite.execute(TestNGXmlTestSuite.java:71)
	at org.apache.maven.surefire.testng.TestNGProvider.invoke(TestNGProvider.java:113)
	at org.apache.maven.surefire.booter.ForkedBooter.runSuitesInProcess(ForkedBooter.java:385)
	at org.apache.maven.surefire.booter.ForkedBooter.execute(ForkedBooter.java:162)
	at org.apache.maven.surefire.booter.ForkedBooter.run(ForkedBooter.java:507)
	at org.apache.maven.surefire.booter.ForkedBooter.main(ForkedBooter.java:495)
]]></failure>
    <system-out><![CDATA[

Title is-> Online Shopping site in India: Shop Online for Mobiles, Books, Watches, Shoes and More - Amazon.in
Sign in or create account
Sign in or create account
Hello, AjitRupa
Child W Title-> Place Your Order - Amazon Checkout
The Url is-> https://www.amazon.in/checkout/p/p-404-6760561-4657909/pay?pipelineType=Chewbacca&isBuyNow=1&referrer=pay
Credit or debit card
Review items and shipping
]]></system-out>
  </testcase>
  <testcase name="ProductDetailsTC7_DisplayAmazon" classname="project1_Amazon.TC7_Product_details_Display" time="25.29">
    <system-out><![CDATA[Epoch Time-> 1749835785345
Fri Jun 13 22:59:45 IST 2025
13-Jun-2025_22-59-45
Screenshot is Saved-> On Fail


Title is-> Online Shopping site in India: Shop Online for Mobiles, Books, Watches, Shoes and More - Amazon.in
Sign in or create account
Sign in or create account
Hello, AjitRupa

Added to cart
]]></system-out>
  </testcase>
  <testcase name="ApplyCouponCodeTC13_OrderingAmazon" classname="project1_Amazon.X_TC13_Apply_CouponCode" time="0.0">
    <skipped message="All assertion not passed&#10;	expected [Ajit Choudhary] but found [Credit or debit card]"/>
    <system-out><![CDATA[Epoch Time-> 1749835785345
Fri Jun 13 22:59:45 IST 2025
13-Jun-2025_22-59-45
Screenshot is Saved-> On Pass


Title is-> Online Shopping site in India: Shop Online for Mobiles, Books, Watches, Shoes and More - Amazon.in
Sign in or create account
Sign in or create account
Hello, AjitRupa
Child W Title-> Place Your Order - Amazon Checkout
The Url is-> https://www.amazon.in/checkout/p/p-404-0891265-2952341/pay?pipelineType=Chewbacca&isBuyNow=1&referrer=pay
Credit or debit card

Retrying Test-> ApplyCouponCodeTC13_OrderingAmazonfor1 time(s).
]]></system-out>
  </testcase>
  <testcase name="ApplyCouponCodeTC13_OrderingAmazon" classname="project1_Amazon.X_TC13_Apply_CouponCode" time="33.278">
    <failure message="All assertion not passed&#10;	expected [Ajit Choudhary] but found [Credit or debit card]" type="java.lang.AssertionError"><![CDATA[java.lang.AssertionError: 
All assertion not passed
	expected [Ajit Choudhary] but found [Credit or debit card]
	at org.testng.asserts.SoftAssert.assertAll(SoftAssert.java:46)
	at project1_Amazon_Src.Amazon_BuyCheckOutPage.ApplyCode(Amazon_BuyCheckOutPage.java:176)
	at project1_Amazon.X_TC13_Apply_CouponCode.ApplyCouponCodeTC13_OrderingAmazon(X_TC13_Apply_CouponCode.java:55)
	at java.base/jdk.internal.reflect.NativeMethodAccessorImpl.invoke0(Native Method)
	at java.base/jdk.internal.reflect.NativeMethodAccessorImpl.invoke(NativeMethodAccessorImpl.java:77)
	at java.base/jdk.internal.reflect.DelegatingMethodAccessorImpl.invoke(DelegatingMethodAccessorImpl.java:43)
	at java.base/java.lang.reflect.Method.invoke(Method.java:568)
	at org.testng.internal.invokers.MethodInvocationHelper.invokeMethod(MethodInvocationHelper.java:141)
	at org.testng.internal.invokers.TestInvoker.invokeMethod(TestInvoker.java:687)
	at org.testng.internal.invokers.TestInvoker.retryFailed(TestInvoker.java:269)
	at org.testng.internal.invokers.MethodRunner.runInSequence(MethodRunner.java:76)
	at org.testng.internal.invokers.TestInvoker$MethodInvocationAgent.invoke(TestInvoker.java:995)
	at org.testng.internal.invokers.TestInvoker.invokeTestMethods(TestInvoker.java:203)
	at org.testng.internal.invokers.TestMethodWorker.invokeTestMethods(TestMethodWorker.java:154)
	at org.testng.internal.invokers.TestMethodWorker.run(TestMethodWorker.java:134)
	at java.base/java.util.ArrayList.forEach(ArrayList.java:1511)
	at org.testng.TestRunner.privateRun(TestRunner.java:741)
	at org.testng.TestRunner.run(TestRunner.java:616)
	at org.testng.SuiteRunner.runTest(SuiteRunner.java:421)
	at org.testng.SuiteRunner.runSequentially(SuiteRunner.java:413)
	at org.testng.SuiteRunner.privateRun(SuiteRunner.java:373)
	at org.testng.SuiteRunner.run(SuiteRunner.java:312)
	at org.testng.SuiteRunnerWorker.runSuite(SuiteRunnerWorker.java:52)
	at org.testng.SuiteRunnerWorker.run(SuiteRunnerWorker.java:95)
	at org.testng.TestNG.runSuitesSequentially(TestNG.java:1274)
	at org.testng.TestNG.runSuitesLocally(TestNG.java:1208)
	at org.testng.TestNG.runSuites(TestNG.java:1112)
	at org.testng.TestNG.run(TestNG.java:1079)
	at org.apache.maven.surefire.testng.TestNGExecutor.run(TestNGExecutor.java:308)
	at org.apache.maven.surefire.testng.TestNGXmlTestSuite.execute(TestNGXmlTestSuite.java:71)
	at org.apache.maven.surefire.testng.TestNGProvider.invoke(TestNGProvider.java:113)
	at org.apache.maven.surefire.booter.ForkedBooter.runSuitesInProcess(ForkedBooter.java:385)
	at org.apache.maven.surefire.booter.ForkedBooter.execute(ForkedBooter.java:162)
	at org.apache.maven.surefire.booter.ForkedBooter.run(ForkedBooter.java:507)
	at org.apache.maven.surefire.booter.ForkedBooter.main(ForkedBooter.java:495)
]]></failure>
    <system-out><![CDATA[

Title is-> Online Shopping site in India: Shop Online for Mobiles, Books, Watches, Shoes and More - Amazon.in
Sign in or create account
Sign in or create account
Hello, AjitRupa
Child W Title-> Place Your Order - Amazon Checkout
The Url is-> https://www.amazon.in/checkout/p/p-404-5772546-3297157/pay?pipelineType=Chewbacca&isBuyNow=1&referrer=pay
Credit or debit card

]]></system-out>
  </testcase>
  <testcase name="AddProductTC10_RemoveCartAmazon" classname="project1_Amazon.U_TC10_Add_Update_RemoveCart" time="35.842">
    <system-out><![CDATA[Epoch Time-> 1749835785345
Fri Jun 13 22:59:45 IST 2025
13-Jun-2025_22-59-45
Screenshot is Saved-> On Fail


Title is-> Online Shopping site in India: Shop Online for Mobiles, Books, Watches, Shoes and More - Amazon.in
Sign in or create account
Sign in or create account
Hello, AjitRupa
Child W Title-> VASTRAMAY Men's Gold Ethnic South Indian Silk Blend Shirt, Full Sleeve with Cuffed Sleeves, Perfect for Festive, Wedding, and Formal Occasions : Amazon.in: Clothing & Accessories
The Url is-> https://www.amazon.in/VASTRAMAY-Sleeves-Perfect-Festive-Occasions/dp/B08RS9FH9Y/ref=sr_1_1_sspa?dib=eyJ2IjoiMSJ9.-Iom9mJJnSHwrTJLmAoaWdbsf9HRu6-32wh54UWgeUxVAI7K30bzulF6ekMdKAg2QA3HaEifGS6DePmX1_NSYF32lcdXZHIyKjML-FAnmkbcLBpvTayR-8FjhbmOfd7aWwnIuIAdLFcyPdaUUiKuNxPn1ZFNqMXXPAF4a2On47DtXZSN_nohVQDWHvpQqrmzhhm_T45nidYXCO1c8F1-6fvtpeTgXuvOX1ReZ8ppkV5R4chfHXl4VVN-lwbwpEiLj-OMkXcu5Rm3phnYPDWeQ54kJtnp4XWZQDGZolyE3sM.nbBgKaC-ds9Qlo407X0Kd-5oYQn77WnXXK-Uje61GUE&dib_tag=se&keywords=Abstract%2BShirt&qid=1749836249&sr=8-1-spons&sp_csd=d2lkZ2V0TmFtZT1zcF9hdGY&th=1&psc=1
Added to cart
Shopping Cart
Added to cart
Shopping Cart
]]></system-out>
  </testcase>
  <testcase name="ProductTC8_SortAmazon" classname="project1_Amazon.TC8_ProductSort" time="0.0">
    <skipped message="All Assertion Not Passed&#10;	expected [true] but found [false]"/>
    <system-out><![CDATA[Epoch Time-> 1749835785345
Fri Jun 13 22:59:45 IST 2025
13-Jun-2025_22-59-45
Screenshot is Saved-> On Pass


Title is-> Online Shopping site in India: Shop Online for Mobiles, Books, Watches, Shoes and More - Amazon.in
Sign in or create account
Sign in or create account
Hello, AjitRupa
Retrying Test-> ProductTC8_SortAmazonfor1 time(s).
]]></system-out>
  </testcase>
  <testcase name="ProductTC8_SortAmazon" classname="project1_Amazon.TC8_ProductSort" time="28.149">
    <system-out><![CDATA[

Title is-> Online Shopping site in India: Shop Online for Mobiles, Books, Watches, Shoes and More - Amazon.in
Sign in or create account
Sign in or create account
Hello, AjitRupa
]]></system-out>
  </testcase>
  <testcase name="Star5TC14_Rating_LastOrder_Amazon" classname="project1_Amazon.Y_TC14_StarRating" time="0.0">
    <skipped message="no such element: Unable to locate element: {&quot;method&quot;:&quot;xpath&quot;,&quot;selector&quot;:&quot;(//span[@class=&apos;nav-line-1 nav-progressive-content&apos;])[2]&quot;}&#10;  (Session info: MicrosoftEdge=137.0.3296.68)&#10;For documentation on this error, please visit: https://www.selenium.dev/documentation/webdriver/troubleshooting/errors#no-such-element-exception&#10;Build info: version: &apos;4.33.0&apos;, revision: &apos;2c6aaad03a&apos;&#10;System info: os.name: &apos;Windows 11&apos;, os.arch: &apos;amd64&apos;, os.version: &apos;10.0&apos;, java.version: &apos;17.0.11&apos;&#10;Driver info: org.openqa.selenium.edge.EdgeDriver&#10;Command: [b5555739efb72aff6ac72dd061c9fefc, findElement {using=xpath, value=(//span[@class=&apos;nav-line-1 nav-progressive-content&apos;])[2]}]&#10;Capabilities {acceptInsecureCerts: false, browserName: MicrosoftEdge, browserVersion: 137.0.3296.68, fedcm:accounts: true, ms:edgeOptions: {debuggerAddress: localhost:60643}, msedge: {msedgedriverVersion: 137.0.3296.68 (f3affdcf267b..., userDataDir: C:\Users\ajitc\AppData\Loca...}, networkConnectionEnabled: false, pageLoadStrategy: normal, platformName: windows, proxy: Proxy(), se:cdp: ws://localhost:60643/devtoo..., se:cdpVersion: 137.0.3296.68, setWindowRect: true, strictFileInteractability: false, timeouts: {implicit: 0, pageLoad: 300000, script: 30000}, unhandledPromptBehavior: dismiss and notify, webauthn:extension:credBlob: true, webauthn:extension:largeBlob: true, webauthn:extension:minPinLength: true, webauthn:extension:prf: true, webauthn:virtualAuthenticators: true}&#10;Session ID: b5555739efb72aff6ac72dd061c9fefc"/>
    <system-out><![CDATA[Epoch Time-> 1749835785345
Fri Jun 13 22:59:45 IST 2025
13-Jun-2025_22-59-45
Screenshot is Saved-> On Pass


Title is-> Online Shopping site in India: Shop Online for Mobiles, Books, Watches, Shoes and More - Amazon.in
Sign in or create account
Sign in or create account
Retrying Test-> Star5TC14_Rating_LastOrder_Amazonfor1 time(s).
]]></system-out>
  </testcase>
  <testcase name="Star5TC14_Rating_LastOrder_Amazon" classname="project1_Amazon.Y_TC14_StarRating" time="35.802">
    <failure message="Cannot invoke &quot;org.openqa.selenium.WebDriver.getClass()&quot; because &quot;exceptionDriver&quot; is null" type="java.lang.NullPointerException"><![CDATA[java.lang.NullPointerException: Cannot invoke "org.openqa.selenium.WebDriver.getClass()" because "exceptionDriver" is null
	at org.openqa.selenium.support.ui.WebDriverWait.timeoutException(WebDriverWait.java:85)
	at org.openqa.selenium.support.ui.FluentWait.until(FluentWait.java:228)
	at project1_Amazon_Src.Amazon_RatingPage.Rating(Amazon_RatingPage.java:53)
	at project1_Amazon.Y_TC14_StarRating.Star5TC14_Rating_LastOrder_Amazon(Y_TC14_StarRating.java:50)
	at java.base/jdk.internal.reflect.NativeMethodAccessorImpl.invoke0(Native Method)
	at java.base/jdk.internal.reflect.NativeMethodAccessorImpl.invoke(NativeMethodAccessorImpl.java:77)
	at java.base/jdk.internal.reflect.DelegatingMethodAccessorImpl.invoke(DelegatingMethodAccessorImpl.java:43)
	at java.base/java.lang.reflect.Method.invoke(Method.java:568)
	at org.testng.internal.invokers.MethodInvocationHelper.invokeMethod(MethodInvocationHelper.java:141)
	at org.testng.internal.invokers.TestInvoker.invokeMethod(TestInvoker.java:687)
	at org.testng.internal.invokers.TestInvoker.retryFailed(TestInvoker.java:269)
	at org.testng.internal.invokers.MethodRunner.runInSequence(MethodRunner.java:76)
	at org.testng.internal.invokers.TestInvoker$MethodInvocationAgent.invoke(TestInvoker.java:995)
	at org.testng.internal.invokers.TestInvoker.invokeTestMethods(TestInvoker.java:203)
	at org.testng.internal.invokers.TestMethodWorker.invokeTestMethods(TestMethodWorker.java:154)
	at org.testng.internal.invokers.TestMethodWorker.run(TestMethodWorker.java:134)
	at java.base/java.util.ArrayList.forEach(ArrayList.java:1511)
	at org.testng.TestRunner.privateRun(TestRunner.java:741)
	at org.testng.TestRunner.run(TestRunner.java:616)
	at org.testng.SuiteRunner.runTest(SuiteRunner.java:421)
	at org.testng.SuiteRunner.runSequentially(SuiteRunner.java:413)
	at org.testng.SuiteRunner.privateRun(SuiteRunner.java:373)
	at org.testng.SuiteRunner.run(SuiteRunner.java:312)
	at org.testng.SuiteRunnerWorker.runSuite(SuiteRunnerWorker.java:52)
	at org.testng.SuiteRunnerWorker.run(SuiteRunnerWorker.java:95)
	at org.testng.TestNG.runSuitesSequentially(TestNG.java:1274)
	at org.testng.TestNG.runSuitesLocally(TestNG.java:1208)
	at org.testng.TestNG.runSuites(TestNG.java:1112)
	at org.testng.TestNG.run(TestNG.java:1079)
	at org.apache.maven.surefire.testng.TestNGExecutor.run(TestNGExecutor.java:308)
	at org.apache.maven.surefire.testng.TestNGXmlTestSuite.execute(TestNGXmlTestSuite.java:71)
	at org.apache.maven.surefire.testng.TestNGProvider.invoke(TestNGProvider.java:113)
	at org.apache.maven.surefire.booter.ForkedBooter.runSuitesInProcess(ForkedBooter.java:385)
	at org.apache.maven.surefire.booter.ForkedBooter.execute(ForkedBooter.java:162)
	at org.apache.maven.surefire.booter.ForkedBooter.run(ForkedBooter.java:507)
	at org.apache.maven.surefire.booter.ForkedBooter.main(ForkedBooter.java:495)
]]></failure>
    <system-out><![CDATA[

Title is-> Online Shopping site in India: Shop Online for Mobiles, Books, Watches, Shoes and More - Amazon.in
Sign in or create account
Sign in or create account
Hello, Ajit
]]></system-out>
  </testcase>
</testsuite>