<?xml version="1.0" encoding="UTF-8"?>
<!-- Generated by org.testng.reporters.JUnitReportReporter -->
<testsuite hostname="Ajit_Choudhary" failures="0" tests="1" name="project1_Amazon.TC4_EditProfile" time="22.807" errors="0" timestamp="2025-05-27T17:29:20 IST" skipped="0">
  <testcase classname="project1_Amazon.TC4_EditProfile" name="EditProfileAmazon" time="22.807"/>
  <system-out>
    <![CDATA[Browser Is Launched Sucessfully
Browser Is Closed Sucessfully]]>
  </system-out>
</testsuite> <!-- project1_Amazon.TC4_EditProfile -->
