<?xml version="1.0" encoding="UTF-8"?>
<!-- Generated by org.testng.reporters.JUnitReportReporter -->
<testsuite hostname="Ajit_Choudhary" failures="0" tests="1" name="project1_Amazon.TC9_AddToCart" time="24.031" errors="0" timestamp="2025-06-10T23:10:28 IST" skipped="0">
  <testcase classname="project1_Amazon.TC9_AddToCart" name="ProductTC9_AddToCartAmazon" time="24.031">
    <system-out>
      <![CDATA[Test Case Is Pass]]>
    </system-out>
  </testcase> <!-- ProductTC9_AddToCartAmazon -->
  <system-out>
    <![CDATA[Browser Is Launched Sucessfully
Test Case Is Pass
Browser Is Closed Sucessfully]]>
  </system-out>
</testsuite> <!-- project1_Amazon.TC9_AddToCart -->
