<?xml version="1.0" encoding="UTF-8"?>
<!-- Generated by org.testng.reporters.JUnitReportReporter -->
<testsuite hostname="Ajit_Choudhary" failures="0" tests="1" name="project1_Amazon.TC3_Fail_Login" time="12.704" errors="0" timestamp="2025-05-27T10:20:37 IST" skipped="0">
  <testcase classname="project1_Amazon.TC3_Fail_Login" name="LoginFail_ToAmazon" time="12.704"/>
  <system-out>
    <![CDATA[Browser Is Launched Sucessfully
Browser Is Closed Sucessfully]]>
  </system-out>
</testsuite> <!-- project1_Amazon.TC3_Fail_Login -->
