<?xml version="1.0" encoding="UTF-8"?>
<!-- Generated by org.testng.reporters.JUnitReportReporter -->
<testsuite hostname="Ajit_Choudhary" failures="0" tests="1" name="project2_Airline.TC4_OneWay_Flight" time="15.310" errors="0" timestamp="2025-06-26T15:14:12 IST" skipped="0">
  <testcase classname="project2_Airline.TC4_OneWay_Flight" name="SearchTC4_OneWayFlight" time="15.310">
    <system-out>
      <![CDATA[Test Case Is Pass]]>
    </system-out>
  </testcase> <!-- SearchTC4_OneWayFlight -->
  <system-out>
    <![CDATA[Browser Is Launched Sucessfully
Test Case Is Pass
Browser Is Closed Sucessfully]]>
  </system-out>
</testsuite> <!-- project2_Airline.TC4_OneWay_Flight -->
