<?xml version="1.0" encoding="UTF-8"?>
<!-- Generated by org.testng.reporters.JUnitReportReporter -->
<testsuite hostname="Ajit_Choudhary" failures="0" tests="1" name="project2_Airline.X_TC13_CouponCode_BookingFlight" time="25.226" errors="0" timestamp="2025-06-15T21:44:40 IST" skipped="0">
  <testcase classname="project2_Airline.X_TC13_CouponCode_BookingFlight" name="ApplyCouponTC13_Code_FlightBook" time="25.226">
    <system-out>
      <![CDATA[Test Case Is Pass]]>
    </system-out>
  </testcase> <!-- ApplyCouponTC13_Code_FlightBook -->
  <system-out>
    <![CDATA[Browser Is Launched Sucessfully
Test Case Is Pass
Browser Is Closed Sucessfully]]>
  </system-out>
</testsuite> <!-- project2_Airline.X_TC13_CouponCode_BookingFlight -->
