<?xml version="1.0" encoding="UTF-8"?>
<!-- Generated by org.testng.reporters.JUnitReportReporter -->
<testsuite hostname="Ajit_Choudhary" failures="0" tests="1" name="project2_Airline.TC1_Register" time="8.364" errors="0" timestamp="2025-06-09T00:28:49 IST" skipped="0">
  <testcase classname="project2_Airline.TC1_Register" name="Register_ToClearTrip_TC1" time="8.364">
    <system-out>
      <![CDATA[Test Case Is Pass]]>
    </system-out>
  </testcase> <!-- Register_ToClearTrip_TC1 -->
  <system-out>
    <![CDATA[Browser Is Launched Sucessfully
Test Case Is Pass
Browser Is Closed Sucessfully]]>
  </system-out>
</testsuite> <!-- project2_Airline.TC1_Register -->
