<?xml version="1.0" encoding="UTF-8"?>
<!-- Generated by org.testng.reporters.JUnitReportReporter -->
<testsuite hostname="Ajit_Choudhary" failures="0" tests="1" name="project2_Airline.U_TC10_Flight_Rules_Info" time="27.877" errors="0" timestamp="2025-06-15T20:47:39 IST" skipped="0">
  <testcase classname="project2_Airline.U_TC10_Flight_Rules_Info" name="RulesTC10_Fare_Baggage_Cancelsn" time="27.877">
    <system-out>
      <![CDATA[Test Case Is Pass]]>
    </system-out>
  </testcase> <!-- RulesTC10_Fare_Baggage_Cancelsn -->
  <system-out>
    <![CDATA[Browser Is Launched Sucessfully
Test Case Is Pass
Browser Is Closed Sucessfully]]>
  </system-out>
</testsuite> <!-- project2_Airline.U_TC10_Flight_Rules_Info -->
