<?xml version="1.0" encoding="UTF-8"?>
<!-- Generated by org.testng.reporters.JUnitReportReporter -->
<testsuite hostname="Ajit_Choudhary" failures="0" tests="1" name="project1_Amazon.TC3_Fail_Login" time="15.349" errors="0" timestamp="2025-06-10T23:05:03 IST" skipped="0">
  <testcase classname="project1_Amazon.TC3_Fail_Login" name="LoginFailTC3_ToAmazon" time="15.349">
    <system-out>
      <![CDATA[Test Case Is Pass]]>
    </system-out>
  </testcase> <!-- LoginFailTC3_ToAmazon -->
  <system-out>
    <![CDATA[Browser Is Launched Sucessfully
Test Case Is Pass
Browser Is Closed Sucessfully]]>
  </system-out>
</testsuite> <!-- project1_Amazon.TC3_Fail_Login -->
