<?xml version="1.0" encoding="UTF-8"?>
<!-- Generated by org.testng.reporters.JUnitReportReporter -->
<testsuite hostname="Ajit_Choudhary" failures="0" tests="1" name="maven_code.Testing_Test" time="0.015" errors="0" timestamp="2025-05-15T00:13:25 IST" skipped="0">
  <testcase classname="maven_code.Testing_Test" name="Welcome" time="0.015"/>
</testsuite> <!-- maven_code.Testing_Test -->
