<?xml version="1.0" encoding="UTF-8"?>
<!-- Generated by org.testng.reporters.JUnitReportReporter -->
<testsuite hostname="Ajit_Choudhary" failures="0" tests="1" name="project1_Amazon.X_TC13_Apply_CouponCode" time="30.368" errors="0" timestamp="2025-06-10T23:27:32 IST" skipped="0">
  <testcase classname="project1_Amazon.X_TC13_Apply_CouponCode" name="ApplyCouponCodeTC13_OrderingAmazon" time="30.368">
    <system-out>
      <![CDATA[Test Case Is Pass]]>
    </system-out>
  </testcase> <!-- ApplyCouponCodeTC13_OrderingAmazon -->
  <system-out>
    <![CDATA[Browser Is Launched Sucessfully
Test Case Is Pass
Browser Is Closed Sucessfully]]>
  </system-out>
</testsuite> <!-- project1_Amazon.X_TC13_Apply_CouponCode -->
