<?xml version="1.0" encoding="UTF-8"?>
<!-- Generated by org.testng.reporters.JUnitReportReporter -->
<testsuite hostname="Ajit_Choudhary" failures="0" tests="1" name="project2_Airline.Z_TC15_CreditCard_PaymentMethod" time="36.855" errors="0" timestamp="2025-06-15T23:06:05 IST" skipped="0">
  <testcase classname="project2_Airline.Z_TC15_CreditCard_PaymentMethod" name="PaymentPageTC15_Slct_CredtCard" time="36.855">
    <system-out>
      <![CDATA[Test Case Is Pass]]>
    </system-out>
  </testcase> <!-- PaymentPageTC15_Slct_CredtCard -->
  <system-out>
    <![CDATA[Browser Is Launched Sucessfully
Test Case Is Pass
Browser Is Closed Sucessfully]]>
  </system-out>
</testsuite> <!-- project2_Airline.Z_TC15_CreditCard_PaymentMethod -->
