<?xml version="1.0" encoding="UTF-8"?>
<!-- Generated by org.testng.reporters.JUnitReportReporter -->
<testsuite hostname="Ajit_Choudhary" failures="0" tests="2" name="project2_Airline.TC7_MultiCity_Flights" time="64.871" errors="0" timestamp="2025-06-26T14:14:48 IST" skipped="1">
  <testcase classname="project2_Airline.TC7_MultiCity_Flights" name="SearchTC7_MultiCity_Flights" time="35.170">
    <skipped/>
  </testcase> <!-- SearchTC7_MultiCity_Flights -->
  <testcase classname="project2_Airline.TC7_MultiCity_Flights" name="SearchTC7_MultiCity_Flights" time="29.701">
    <system-out>
      <![CDATA[Test Case Is Pass]]>
    </system-out>
  </testcase> <!-- SearchTC7_MultiCity_Flights -->
  <system-out>
    <![CDATA[Browser Is Launched Sucessfully
Browser Is Closed Sucessfully
Browser Is Launched Sucessfully
Test Case Is Pass
Browser Is Closed Sucessfully]]>
  </system-out>
</testsuite> <!-- project2_Airline.TC7_MultiCity_Flights -->
