<?xml version="1.0" encoding="UTF-8"?>
<!-- Generated by org.testng.reporters.JUnitReportReporter -->
<testsuite hostname="Ajit_Choudhary" failures="0" tests="1" name="project2_Airline.TC5_RoundTrip_Flight" time="17.724" errors="0" timestamp="2025-06-15T17:21:48 IST" skipped="0">
  <testcase classname="project2_Airline.TC5_RoundTrip_Flight" name="SearchTC5_RoundTrip_Flight" time="17.724">
    <system-out>
      <![CDATA[Test Case Is Pass]]>
    </system-out>
  </testcase> <!-- SearchTC5_RoundTrip_Flight -->
  <system-out>
    <![CDATA[Browser Is Launched Sucessfully
Test Case Is Pass
Browser Is Closed Sucessfully]]>
  </system-out>
</testsuite> <!-- project2_Airline.TC5_RoundTrip_Flight -->
