<?xml version="1.0" encoding="UTF-8"?>
<!-- Generated by org.testng.reporters.JUnitReportReporter -->
<testsuite hostname="Ajit_Choudhary" failures="0" tests="1" name="project1_Amazon.TC5_SearchProduct" time="16.694" errors="0" timestamp="2025-06-10T23:06:43 IST" skipped="0">
  <testcase classname="project1_Amazon.TC5_SearchProduct" name="SearchProductTC5_Amazon" time="16.694">
    <system-out>
      <![CDATA[Test Case Is Pass]]>
    </system-out>
  </testcase> <!-- SearchProductTC5_Amazon -->
  <system-out>
    <![CDATA[Browser Is Launched Sucessfully
Test Case Is Pass
Browser Is Closed Sucessfully]]>
  </system-out>
</testsuite> <!-- project1_Amazon.TC5_SearchProduct -->
