<?xml version="1.0" encoding="UTF-8"?>
<!-- Generated by org.testng.reporters.JUnitReportReporter -->
<testsuite hostname="Ajit_Choudhary" failures="0" tests="1" name="project1_Amazon.W_TC12_SelectEach_PaymentMthd" time="38.194" errors="0" timestamp="2025-06-10T23:24:42 IST" skipped="0">
  <testcase classname="project1_Amazon.W_TC12_SelectEach_PaymentMthd" name="SelectTC12_AllPaymentAmazon" time="38.194">
    <system-out>
      <![CDATA[Test Case Is Pass]]>
    </system-out>
  </testcase> <!-- SelectTC12_AllPaymentAmazon -->
  <system-out>
    <![CDATA[Browser Is Launched Sucessfully
Test Case Is Pass
Browser Is Closed Sucessfully]]>
  </system-out>
</testsuite> <!-- project1_Amazon.W_TC12_SelectEach_PaymentMthd -->
