<?xml version="1.0" encoding="UTF-8"?>
<!-- Generated by org.testng.reporters.JUnitReportReporter -->
<testsuite hostname="Ajit_Choudhary" failures="0" tests="1" name="project2_Airline.TC8_Seat_Selection" time="26.984" errors="0" timestamp="2025-06-15T20:08:17 IST" skipped="0">
  <testcase classname="project2_Airline.TC8_Seat_Selection" name="CheckSeatTC8_Selection" time="26.984">
    <system-out>
      <![CDATA[Test Case Is Pass]]>
    </system-out>
  </testcase> <!-- CheckSeatTC8_Selection -->
  <system-out>
    <![CDATA[Browser Is Launched Sucessfully
Test Case Is Pass
Browser Is Closed Sucessfully]]>
  </system-out>
</testsuite> <!-- project2_Airline.TC8_Seat_Selection -->
