<?xml version="1.0" encoding="UTF-8"?>
<!-- Generated by org.testng.reporters.JUnitReportReporter -->
<testsuite hostname="Ajit_Choudhary" failures="0" tests="1" name="project1_Amazon.TC5_SearchProduct" time="17.931" errors="0" timestamp="2025-05-27T17:45:15 IST" skipped="0">
  <testcase classname="project1_Amazon.TC5_SearchProduct" name="SearchProductAmazon" time="17.931"/>
  <system-out>
    <![CDATA[Browser Is Launched Sucessfully
Browser Is Closed Sucessfully]]>
  </system-out>
</testsuite> <!-- project1_Amazon.TC5_SearchProduct -->
