<?xml version="1.0" encoding="UTF-8"?>
<!-- Generated by org.testng.reporters.JUnitReportReporter -->
<testsuite hostname="Ajit_Choudhary" failures="0" tests="1" name="project2_Airline.TC7_MultiCity_Flights" time="30.860" errors="0" timestamp="2025-06-15T18:04:38 IST" skipped="0">
  <testcase classname="project2_Airline.TC7_MultiCity_Flights" name="SearchTC7_MultiCity_Flights" time="30.860">
    <system-out>
      <![CDATA[Test Case Is Pass]]>
    </system-out>
  </testcase> <!-- SearchTC7_MultiCity_Flights -->
  <system-out>
    <![CDATA[Browser Is Launched Sucessfully
Test Case Is Pass
Browser Is Closed Sucessfully]]>
  </system-out>
</testsuite> <!-- project2_Airline.TC7_MultiCity_Flights -->
