<?xml version="1.0" encoding="UTF-8"?>
<!-- Generated by org.testng.reporters.JUnitReportReporter -->
<testsuite hostname="Ajit_Choudhary" failures="0" tests="2" name="project1_Amazon.Z_TC16_SelectCard_PaymentMthd" time="61.855" errors="0" timestamp="2025-06-26T14:39:01 IST" skipped="1">
  <testcase classname="project1_Amazon.Z_TC16_SelectCard_PaymentMthd" name="SelectTC16_CardPaymentAmazon" time="34.605">
    <skipped/>
  </testcase> <!-- SelectTC16_CardPaymentAmazon -->
  <testcase classname="project1_Amazon.Z_TC16_SelectCard_PaymentMthd" name="SelectTC16_CardPaymentAmazon" time="27.250">
    <system-out>
      <![CDATA[Test Case Is Pass]]>
    </system-out>
  </testcase> <!-- SelectTC16_CardPaymentAmazon -->
  <system-out>
    <![CDATA[Browser Is Launched Sucessfully
Browser Is Closed Sucessfully
Browser Is Launched Sucessfully
Test Case Is Pass
Browser Is Closed Sucessfully]]>
  </system-out>
</testsuite> <!-- project1_Amazon.Z_TC16_SelectCard_PaymentMthd -->
