<?xml version="1.0" encoding="UTF-8"?>
<!-- Generated by org.testng.reporters.JUnitReportReporter -->
<testsuite hostname="Ajit_Choudhary" failures="0" tests="1" name="project1_Amazon.U_TC10_Add_Update_RemoveCart" time="32.513" errors="0" timestamp="2025-06-10T23:11:48 IST" skipped="0">
  <testcase classname="project1_Amazon.U_TC10_Add_Update_RemoveCart" name="AddProductTC10_RemoveCartAmazon" time="32.513">
    <system-out>
      <![CDATA[Test Case Is Pass]]>
    </system-out>
  </testcase> <!-- AddProductTC10_RemoveCartAmazon -->
  <system-out>
    <![CDATA[Browser Is Launched Sucessfully
Test Case Is Pass
Browser Is Closed Sucessfully]]>
  </system-out>
</testsuite> <!-- project1_Amazon.U_TC10_Add_Update_RemoveCart -->
