<?xml version="1.0" encoding="UTF-8"?>
<!-- Generated by org.testng.reporters.JUnitReportReporter -->
<testsuite hostname="Ajit_Choudhary" failures="0" tests="1" name="project1_Amazon.Z_TC16_SelectCard_PaymentMthd" time="32.999" errors="0" timestamp="2025-06-02T21:41:03 IST" skipped="0">
  <testcase classname="project1_Amazon.Z_TC16_SelectCard_PaymentMthd" name="Select_CardPaymentAmazon" time="32.999"/>
  <system-out>
    <![CDATA[Browser Is Launched Sucessfully
Browser Is Closed Sucessfully]]>
  </system-out>
</testsuite> <!-- project1_Amazon.Z_TC16_SelectCard_PaymentMthd -->
