<?xml version="1.0" encoding="UTF-8"?>
<!-- Generated by org.testng.reporters.JUnitReportReporter -->
<testsuite hostname="Ajit_Choudhary" failures="0" tests="1" name="project1_Amazon.TC4_EditProfile" time="18.896" errors="0" timestamp="2025-06-26T14:31:33 IST" skipped="0">
  <testcase classname="project1_Amazon.TC4_EditProfile" name="EditProfileTC4_Amazon" time="18.896">
    <system-out>
      <![CDATA[Test Case Is Pass]]>
    </system-out>
  </testcase> <!-- EditProfileTC4_Amazon -->
  <system-out>
    <![CDATA[Browser Is Launched Sucessfully
Test Case Is Pass
Browser Is Closed Sucessfully]]>
  </system-out>
</testsuite> <!-- project1_Amazon.TC4_EditProfile -->
