<?xml version="1.0" encoding="UTF-8"?>
<!-- Generated by org.testng.reporters.JUnitReportReporter -->
<testsuite hostname="Ajit_Choudhary" failures="0" tests="1" name="project2_Airline.TC6_Econmy_Buisness_FirstClses" time="48.288" errors="0" timestamp="2025-06-15T17:26:27 IST" skipped="0">
  <testcase classname="project2_Airline.TC6_Econmy_Buisness_FirstClses" name="SearchTC6_Ecnmy_Business_FirstClses" time="48.288">
    <system-out>
      <![CDATA[Test Case Is Pass]]>
    </system-out>
  </testcase> <!-- SearchTC6_Ecnmy_Business_FirstClses -->
  <system-out>
    <![CDATA[Browser Is Launched Sucessfully
Test Case Is Pass
Browser Is Closed Sucessfully]]>
  </system-out>
</testsuite> <!-- project2_Airline.TC6_Econmy_Buisness_FirstClses -->
