<?xml version="1.0" encoding="UTF-8"?>
<!-- Generated by org.testng.reporters.JUnitReportReporter -->
<testsuite hostname="Ajit_Choudhary" failures="0" tests="1" name="project2_Airline.TC9_MultiplePasngrs_SingleBooking" time="23.472" errors="0" timestamp="2025-06-26T14:17:54 IST" skipped="0">
  <testcase classname="project2_Airline.TC9_MultiplePasngrs_SingleBooking" name="MultiplePasngrsTC9_SingleBooking_Ability" time="23.472">
    <system-out>
      <![CDATA[Test Case Is Pass]]>
    </system-out>
  </testcase> <!-- MultiplePasngrsTC9_SingleBooking_Ability -->
  <system-out>
    <![CDATA[Browser Is Launched Sucessfully
Test Case Is Pass
Browser Is Closed Sucessfully]]>
  </system-out>
</testsuite> <!-- project2_Airline.TC9_MultiplePasngrs_SingleBooking -->
