<?xml version="1.0" encoding="UTF-8"?>
<!-- Generated by org.testng.reporters.JUnitReportReporter -->
<testsuite hostname="Ajit_Choudhary" failures="0" tests="2" name="project1_Amazon.Z_TC15_WithOut_Login_Cart" time="34.226" errors="0" timestamp="2025-06-10T23:51:53 IST" skipped="1">
  <testcase classname="project1_Amazon.Z_TC15_WithOut_Login_Cart" name="ReachTillTC15_Cart_WithoutLoginAmazon" time="17.693">
    <system-out>
      <![CDATA[Test Case Is Pass]]>
    </system-out>
  </testcase> <!-- ReachTillTC15_Cart_WithoutLoginAmazon -->
  <testcase classname="project1_Amazon.Z_TC15_WithOut_Login_Cart" name="ReachTillTC15_Cart_WithoutLoginAmazon" time="16.533">
    <skipped/>
  </testcase> <!-- ReachTillTC15_Cart_WithoutLoginAmazon -->
  <system-out>
    <![CDATA[Browser Is Launched Sucessfully
Browser Is Closed Sucessfully
Browser Is Launched Sucessfully
Test Case Is Pass
Browser Is Closed Sucessfully]]>
  </system-out>
</testsuite> <!-- project1_Amazon.Z_TC15_WithOut_Login_Cart -->
