<?xml version="1.0" encoding="UTF-8"?>
<!-- Generated by org.testng.reporters.JUnitReportReporter -->
<testsuite hostname="Ajit_Choudhary" failures="0" tests="1" name="project2_Airline.Y_TC14_DomesticFlight_RoundTrip" time="12.231" errors="0" timestamp="2025-06-26T14:25:32 IST" skipped="0">
  <testcase classname="project2_Airline.Y_TC14_DomesticFlight_RoundTrip" name="DomesticRoundTC14_TripFlight" time="12.231">
    <system-out>
      <![CDATA[Test Case Is Pass]]>
    </system-out>
  </testcase> <!-- DomesticRoundTC14_TripFlight -->
  <system-out>
    <![CDATA[Browser Is Launched Sucessfully
Test Case Is Pass
Browser Is Closed Sucessfully]]>
  </system-out>
</testsuite> <!-- project2_Airline.Y_TC14_DomesticFlight_RoundTrip -->
