<?xml version="1.0" encoding="UTF-8"?>
<!-- Generated by org.testng.reporters.JUnitReportReporter -->
<testsuite hostname="Ajit_Choudhary" failures="0" tests="1" name="project1_Amazon.TC2_Login" time="19.258" errors="0" timestamp="2025-06-12T15:22:15 IST" skipped="0">
  <testcase classname="project1_Amazon.TC2_Login" name="LoginTC2_ToAmazon" time="19.258">
    <system-out>
      <![CDATA[Test Case Is Pass]]>
    </system-out>
  </testcase> <!-- LoginTC2_ToAmazon -->
  <system-out>
    <![CDATA[Browser Is Launched Sucessfully
Test Case Is Pass
Browser Is Closed Sucessfully]]>
  </system-out>
</testsuite> <!-- project1_Amazon.TC2_Login -->
