<?xml version="1.0" encoding="UTF-8"?>
<!-- Generated by org.testng.reporters.JUnitReportReporter -->
<testsuite hostname="Ajit_Choudhary" failures="0" tests="1" name="project1_Amazon.TC7_Product_details_Display" time="23.632" errors="0" timestamp="2025-06-10T23:08:38 IST" skipped="0">
  <testcase classname="project1_Amazon.TC7_Product_details_Display" name="ProductDetailsTC7_DisplayAmazon" time="23.632">
    <system-out>
      <![CDATA[Test Case Is Pass]]>
    </system-out>
  </testcase> <!-- ProductDetailsTC7_DisplayAmazon -->
  <system-out>
    <![CDATA[Browser Is Launched Sucessfully
Test Case Is Pass
Browser Is Closed Sucessfully]]>
  </system-out>
</testsuite> <!-- project1_Amazon.TC7_Product_details_Display -->
