<?xml version="1.0" encoding="UTF-8"?>
<!-- Generated by org.testng.reporters.JUnitReportReporter -->
<testsuite hostname="Ajit_Choudhary" failures="0" tests="2" name="project2_Airline.X_TC13_CouponCode_BookingFlight" time="36.488" errors="1" timestamp="2025-06-18T10:55:59 IST" skipped="1">
  <testcase classname="project2_Airline.X_TC13_CouponCode_BookingFlight" name="Launching" time="36.479">
    <error message="Could not start a new session. Possible causes are invalid address of the remote server or browser start-up failure. 
Host info: host: &#039;AJIT_CHOUDHARY&#039;, ip: &#039;192.168.31.33&#039;" type="org.openqa.selenium.SessionNotCreatedException">
      <![CDATA[org.openqa.selenium.SessionNotCreatedException: Could not start a new session. Possible causes are invalid address of the remote server or browser start-up failure. 
Host info: host: 'AJIT_CHOUDHARY', ip: '192.168.31.33'
at org.openqa.selenium.remote.RemoteWebDriver.execute(RemoteWebDriver.java:562)
at org.openqa.selenium.remote.RemoteWebDriver.startSession(RemoteWebDriver.java:244)
at org.openqa.selenium.remote.RemoteWebDriver.<init>(RemoteWebDriver.java:173)
at org.openqa.selenium.chromium.ChromiumDriver.<init>(ChromiumDriver.java:110)
at org.openqa.selenium.edge.EdgeDriver.<init>(EdgeDriver.java:60)
at org.openqa.selenium.edge.EdgeDriver.<init>(EdgeDriver.java:56)
at org.openqa.selenium.edge.EdgeDriver.<init>(EdgeDriver.java:48)
at project2_Airline.Airline_BaseClass.Launching(Airline_BaseClass.java:45)
at jdk.internal.reflect.GeneratedMethodAccessor10.invoke(Unknown Source)
at java.base/jdk.internal.reflect.DelegatingMethodAccessorImpl.invoke(DelegatingMethodAccessorImpl.java:43)
at java.base/java.lang.reflect.Method.invoke(Method.java:568)
at org.testng.internal.invokers.MethodInvocationHelper.invokeMethod(MethodInvocationHelper.java:141)
at org.testng.internal.invokers.MethodInvocationHelper.invokeMethodConsideringTimeout(MethodInvocationHelper.java:71)
at org.testng.internal.invokers.ConfigInvoker.invokeConfigurationMethod(ConfigInvoker.java:400)
at org.testng.internal.invokers.ConfigInvoker.invokeConfigurations(ConfigInvoker.java:333)
at org.testng.internal.invokers.TestInvoker.runConfigMethods(TestInvoker.java:836)
at org.testng.internal.invokers.TestInvoker.invokeMethod(TestInvoker.java:601)
at org.testng.internal.invokers.TestInvoker.invokeTestMethod(TestInvoker.java:230)
at org.testng.internal.invokers.MethodRunner.runInSequence(MethodRunner.java:63)
at org.testng.internal.invokers.TestInvoker$MethodInvocationAgent.invoke(TestInvoker.java:995)
at org.testng.internal.invokers.TestInvoker.invokeTestMethods(TestInvoker.java:203)
at org.testng.internal.invokers.TestMethodWorker.invokeTestMethods(TestMethodWorker.java:154)
at org.testng.internal.invokers.TestMethodWorker.run(TestMethodWorker.java:134)
at java.base/java.util.ArrayList.forEach(ArrayList.java:1511)
at org.testng.TestRunner.privateRun(TestRunner.java:741)
at org.testng.TestRunner.run(TestRunner.java:616)
at org.testng.SuiteRunner.runTest(SuiteRunner.java:421)
at org.testng.SuiteRunner$SuiteWorker.run(SuiteRunner.java:463)
at org.testng.internal.thread.ThreadUtil.lambda$execute$0(ThreadUtil.java:64)
at java.base/java.util.concurrent.FutureTask.run(FutureTask.java:264)
at java.base/java.util.concurrent.ThreadPoolExecutor.runWorker(ThreadPoolExecutor.java:1136)
at java.base/java.util.concurrent.ThreadPoolExecutor$Worker.run(ThreadPoolExecutor.java:635)
at java.base/java.lang.Thread.run(Thread.java:840)
Caused by: org.openqa.selenium.WebDriverException: Timed out waiting for driver server to bind the port.
Build info: version: '4.33.0', revision: '2c6aaad03a'
System info: os.name: 'Windows 11', os.arch: 'amd64', os.version: '10.0', java.version: '17.0.11'
Driver info: driver.version: EdgeDriver
at org.openqa.selenium.remote.service.DriverService.start(DriverService.java:252)
at org.openqa.selenium.remote.service.DriverCommandExecutor.execute(DriverCommandExecutor.java:117)
at org.openqa.selenium.remote.RemoteWebDriver.execute(RemoteWebDriver.java:544)
... 32 more
]]>
    </error>
  </testcase> <!-- Launching -->
  <testcase classname="project2_Airline.X_TC13_CouponCode_BookingFlight" name="ApplyCouponTC13_Code_FlightBook" time="0.009">
    <skipped/>
  </testcase> <!-- ApplyCouponTC13_Code_FlightBook -->
  <system-out>
    <![CDATA[Browser Is Launched Sucessfully
Browser Is Launched Sucessfully
Browser Is Closed Sucessfully
Browser Is Launched Sucessfully
Browser Is Closed Sucessfully
Browser Is Launched Sucessfully
Test Case Is Fail
Browser Is Closed Sucessfully
Browser Is Launched Sucessfully
Browser Is Closed Sucessfully
Test Case Is Fail
Browser Is Closed Sucessfully
Browser Is Launched Sucessfully
Browser Is Launched Sucessfully
Test Case Is Fail
Browser Is Closed Sucessfully
Browser Is Closed Sucessfully
Browser Is Launched Sucessfully
Browser Is Launched Sucessfully
Test Case Is Fail
Browser Is Closed Sucessfully
Browser Is Closed Sucessfully
Browser Is Launched Sucessfully
Browser Is Launched Sucessfully
Browser Is Closed Sucessfully
Browser Is Launched Sucessfully
Test Case Is Fail
Browser Is Closed Sucessfully
Test Case Is Fail
Browser Is Closed Sucessfully
Browser Is Launched Sucessfully
Browser Is Closed Sucessfully
Browser Is Launched Sucessfully
Browser Is Launched Sucessfully
Browser Is Closed Sucessfully
Browser Is Launched Sucessfully
Test Case Is Fail
Browser Is Closed Sucessfully
Browser Is Launched Sucessfully
Browser Is Closed Sucessfully
Browser Is Launched Sucessfully
Test Case Is Fail
Browser Is Closed Sucessfully
Browser Is Launched Sucessfully
Browser Is Closed Sucessfully
Browser Is Launched Sucessfully
Test Case Is Fail
Browser Is Closed Sucessfully
Browser Is Launched Sucessfully
Browser Is Closed Sucessfully
Browser Is Launched Sucessfully
Test Case Is Fail
Browser Is Closed Sucessfully
Browser Is Launched Sucessfully
Test Case Is Fail
Browser Is Closed Sucessfully
Browser Is Closed Sucessfully
Browser Is Launched Sucessfully
Browser Is Launched Sucessfully
Browser Is Closed Sucessfully
Test Case Is Fail
Browser Is Closed Sucessfully]]>
  </system-out>
</testsuite> <!-- project2_Airline.X_TC13_CouponCode_BookingFlight -->
