<?xml version="1.0" encoding="UTF-8"?>
<!-- Generated by org.testng.reporters.JUnitReportReporter -->
<testsuite hostname="Ajit_Choudhary" failures="0" tests="1" name="project1_Amazon.TC6_SearchingByFilters" time="27.930" errors="0" timestamp="2025-06-11T00:20:01 IST" skipped="0">
  <testcase classname="project1_Amazon.TC6_SearchingByFilters" name="SearchProductTC6_FilterAmazon" time="27.930">
    <system-out>
      <![CDATA[Test Case Is Pass]]>
    </system-out>
  </testcase> <!-- SearchProductTC6_FilterAmazon -->
  <system-out>
    <![CDATA[Browser Is Launched Sucessfully
Test Case Is Pass
Browser Is Closed Sucessfully
Browser Is Launched Sucessfully
Test Case Is Pass
Browser Is Closed Sucessfully
Browser Is Launched Sucessfully
Browser Is Closed Sucessfully
Browser Is Launched Sucessfully
Test Case Is Fail
Browser Is Closed Sucessfully
Browser Is Launched Sucessfully
Test Case Is Pass
Browser Is Closed Sucessfully
Browser Is Launched Sucessfully
Test Case Is Pass
Browser Is Closed Sucessfully
Browser Is Launched Sucessfully
Test Case Is Pass
Browser Is Closed Sucessfully
Browser Is Launched Sucessfully
Test Case Is Pass
Browser Is Closed Sucessfully
Browser Is Launched Sucessfully
Browser Is Closed Sucessfully
Browser Is Launched Sucessfully
Test Case Is Fail
Browser Is Closed Sucessfully
Browser Is Launched Sucessfully
Test Case Is Pass
Browser Is Closed Sucessfully
Browser Is Launched Sucessfully
Browser Is Closed Sucessfully
Browser Is Launched Sucessfully
Test Case Is Pass
Browser Is Closed Sucessfully
Browser Is Launched Sucessfully
Test Case Is Pass
Browser Is Closed Sucessfully
Browser Is Launched Sucessfully
Test Case Is Pass
Browser Is Closed Sucessfully
Browser Is Launched Sucessfully
Browser Is Closed Sucessfully
Browser Is Launched Sucessfully
Test Case Is Pass
Browser Is Closed Sucessfully
Browser Is Launched Sucessfully
Test Case Is Pass
Browser Is Closed Sucessfully
Browser Is Launched Sucessfully
Browser Is Closed Sucessfully
Browser Is Launched Sucessfully
Test Case Is Fail
Browser Is Closed Sucessfully]]>
  </system-out>
</testsuite> <!-- project1_Amazon.TC6_SearchingByFilters -->
